{"D:\\Notes\\Developer Road\\ProgramasDeveloper Road\\BackEnd I\\3-Unit testing\\src\\calc.ts": {"path":"D:\\Notes\\Developer Road\\ProgramasDeveloper Road\\BackEnd I\\3-Unit testing\\src\\calc.ts","statementMap":{"0":{"start":{"line":2,"column":2},"end":{"line":2,"column":null}},"1":{"start":{"line":1,"column":0},"end":{"line":1,"column":16}}},"fnMap":{"0":{"name":"sum","decl":{"start":{"line":1,"column":16},"end":{"line":1,"column":19}},"loc":{"start":{"line":1,"column":39},"end":{"line":3,"column":1}}}},"branchMap":{},"s":{"0":2,"1":1},"f":{"0":2},"b":{}}
,"D:\\Notes\\Developer Road\\ProgramasDeveloper Road\\BackEnd I\\3-Unit testing\\src\\king.ts": {"path":"D:\\Notes\\Developer Road\\ProgramasDeveloper Road\\BackEnd I\\3-Unit testing\\src\\king.ts","statementMap":{"0":{"start":{"line":1,"column":0},"end":{"line":1,"column":27}},"1":{"start":{"line":3,"column":0},"end":{"line":3,"column":35}},"2":{"start":{"line":7,"column":21},"end":{"line":7,"column":59}},"3":{"start":{"line":8,"column":25},"end":{"line":8,"column":44}},"4":{"start":{"line":9,"column":25},"end":{"line":9,"column":44}},"5":{"start":{"line":11,"column":4},"end":{"line":19,"column":null}},"6":{"start":{"line":12,"column":6},"end":{"line":12,"column":null}},"7":{"start":{"line":13,"column":11},"end":{"line":19,"column":null}},"8":{"start":{"line":14,"column":6},"end":{"line":14,"column":null}},"9":{"start":{"line":15,"column":11},"end":{"line":19,"column":null}},"10":{"start":{"line":16,"column":6},"end":{"line":16,"column":null}},"11":{"start":{"line":18,"column":6},"end":{"line":18,"column":null}},"12":{"start":{"line":5,"column":0},"end":{"line":5,"column":21}}},"fnMap":{"0":{"name":"(anonymous_1)","decl":{"start":{"line":6,"column":2},"end":{"line":6,"column":11}},"loc":{"start":{"line":6,"column":31},"end":{"line":20,"column":3}}}},"branchMap":{"0":{"loc":{"start":{"line":11,"column":4},"end":{"line":19,"column":null}},"type":"if","locations":[{"start":{"line":11,"column":4},"end":{"line":19,"column":null}},{"start":{"line":13,"column":11},"end":{"line":19,"column":null}}]},"1":{"loc":{"start":{"line":11,"column":8},"end":{"line":11,"column":48}},"type":"binary-expr","locations":[{"start":{"line":11,"column":8},"end":{"line":11,"column":26}},{"start":{"line":11,"column":30},"end":{"line":11,"column":48}}]},"2":{"loc":{"start":{"line":13,"column":11},"end":{"line":19,"column":null}},"type":"if","locations":[{"start":{"line":13,"column":11},"end":{"line":19,"column":null}},{"start":{"line":15,"column":11},"end":{"line":19,"column":null}}]},"3":{"loc":{"start":{"line":13,"column":15},"end":{"line":13,"column":55}},"type":"binary-expr","locations":[{"start":{"line":13,"column":15},"end":{"line":13,"column":33}},{"start":{"line":13,"column":37},"end":{"line":13,"column":55}}]},"4":{"loc":{"start":{"line":15,"column":11},"end":{"line":19,"column":null}},"type":"if","locations":[{"start":{"line":15,"column":11},"end":{"line":19,"column":null}},{"start":{"line":17,"column":11},"end":{"line":19,"column":null}}]},"5":{"loc":{"start":{"line":15,"column":15},"end":{"line":15,"column":55}},"type":"binary-expr","locations":[{"start":{"line":15,"column":15},"end":{"line":15,"column":33}},{"start":{"line":15,"column":37},"end":{"line":15,"column":55}}]}},"s":{"0":1,"1":1,"2":4,"3":4,"4":4,"5":4,"6":1,"7":3,"8":1,"9":2,"10":0,"11":2,"12":1},"f":{"0":4},"b":{"0":[1,3],"1":[4,3],"2":[1,2],"3":[3,1],"4":[0,2],"5":[2,0]}}
,"D:\\Notes\\Developer Road\\ProgramasDeveloper Road\\BackEnd I\\3-Unit testing\\src\\movements.ts": {"path":"D:\\Notes\\Developer Road\\ProgramasDeveloper Road\\BackEnd I\\3-Unit testing\\src\\movements.ts","statementMap":{"0":{"start":{"line":6,"column":22},"end":{"line":6,"column":38}},"1":{"start":{"line":6,"column":47},"end":{"line":6,"column":61}},"2":{"start":{"line":11,"column":29},"end":{"line":11,"column":69}},"3":{"start":{"line":12,"column":22},"end":{"line":12,"column":56}},"4":{"start":{"line":13,"column":20},"end":{"line":13,"column":52}},"5":{"start":{"line":15,"column":4},"end":{"line":15,"column":null}},"6":{"start":{"line":19,"column":4},"end":{"line":19,"column":null}},"7":{"start":{"line":4,"column":0},"end":{"line":4,"column":21}}},"fnMap":{"0":{"name":"(anonymous_0)","decl":{"start":{"line":6,"column":2},"end":{"line":6,"column":22}},"loc":{"start":{"line":6,"column":61},"end":{"line":8,"column":3}}},"1":{"name":"(anonymous_1)","decl":{"start":{"line":10,"column":2},"end":{"line":10,"column":10}},"loc":{"start":{"line":10,"column":10},"end":{"line":16,"column":3}}},"2":{"name":"(anonymous_2)","decl":{"start":{"line":18,"column":2},"end":{"line":18,"column":10}},"loc":{"start":{"line":18,"column":10},"end":{"line":20,"column":3}}}},"branchMap":{},"s":{"0":12,"1":12,"2":12,"3":12,"4":12,"5":12,"6":12,"7":2},"f":{"0":12,"1":12,"2":12},"b":{}}
,"D:\\Notes\\Developer Road\\ProgramasDeveloper Road\\BackEnd I\\3-Unit testing\\src\\piece.ts": {"path":"D:\\Notes\\Developer Road\\ProgramasDeveloper Road\\BackEnd I\\3-Unit testing\\src\\piece.ts","statementMap":{"0":{"start":{"line":3,"column":0},"end":{"line":3,"column":33}},"1":{"start":{"line":8,"column":32},"end":{"line":8,"column":44}},"2":{"start":{"line":9,"column":4},"end":{"line":9,"column":null}},"3":{"start":{"line":13,"column":4},"end":{"line":13,"column":null}},"4":{"start":{"line":5,"column":0},"end":{"line":5,"column":30}}},"fnMap":{"0":{"name":"(anonymous_1)","decl":{"start":{"line":8,"column":2},"end":{"line":8,"column":32}},"loc":{"start":{"line":8,"column":68},"end":{"line":10,"column":3}}},"1":{"name":"(anonymous_2)","decl":{"start":{"line":12,"column":2},"end":{"line":12,"column":8}},"loc":{"start":{"line":12,"column":28},"end":{"line":14,"column":3}}}},"branchMap":{},"s":{"0":2,"1":9,"2":9,"3":0,"4":2},"f":{"0":9,"1":0},"b":{}}
,"D:\\Notes\\Developer Road\\ProgramasDeveloper Road\\BackEnd I\\3-Unit testing\\src\\position.ts": {"path":"D:\\Notes\\Developer Road\\ProgramasDeveloper Road\\BackEnd I\\3-Unit testing\\src\\position.ts","statementMap":{"0":{"start":{"line":6,"column":22},"end":{"line":6,"column":32}},"1":{"start":{"line":6,"column":41},"end":{"line":6,"column":51}},"2":{"start":{"line":4,"column":0},"end":{"line":4,"column":21}}},"fnMap":{"0":{"name":"(anonymous_0)","decl":{"start":{"line":6,"column":2},"end":{"line":6,"column":22}},"loc":{"start":{"line":6,"column":51},"end":{"line":6,"column":55}}}},"branchMap":{},"s":{"0":21,"1":21,"2":2},"f":{"0":21},"b":{}}
,"D:\\Notes\\Developer Road\\ProgramasDeveloper Road\\BackEnd I\\3-Unit testing\\src\\queen.ts": {"path":"D:\\Notes\\Developer Road\\ProgramasDeveloper Road\\BackEnd I\\3-Unit testing\\src\\queen.ts","statementMap":{"0":{"start":{"line":1,"column":0},"end":{"line":1,"column":27}},"1":{"start":{"line":3,"column":0},"end":{"line":3,"column":35}},"2":{"start":{"line":7,"column":21},"end":{"line":7,"column":59}},"3":{"start":{"line":8,"column":25},"end":{"line":8,"column":44}},"4":{"start":{"line":9,"column":25},"end":{"line":9,"column":44}},"5":{"start":{"line":11,"column":4},"end":{"line":19,"column":null}},"6":{"start":{"line":12,"column":6},"end":{"line":12,"column":null}},"7":{"start":{"line":13,"column":11},"end":{"line":19,"column":null}},"8":{"start":{"line":14,"column":6},"end":{"line":14,"column":null}},"9":{"start":{"line":15,"column":11},"end":{"line":19,"column":null}},"10":{"start":{"line":16,"column":6},"end":{"line":16,"column":null}},"11":{"start":{"line":18,"column":6},"end":{"line":18,"column":null}},"12":{"start":{"line":5,"column":0},"end":{"line":5,"column":21}}},"fnMap":{"0":{"name":"(anonymous_1)","decl":{"start":{"line":6,"column":2},"end":{"line":6,"column":11}},"loc":{"start":{"line":6,"column":31},"end":{"line":20,"column":3}}}},"branchMap":{"0":{"loc":{"start":{"line":11,"column":4},"end":{"line":19,"column":null}},"type":"if","locations":[{"start":{"line":11,"column":4},"end":{"line":19,"column":null}},{"start":{"line":13,"column":11},"end":{"line":19,"column":null}}]},"1":{"loc":{"start":{"line":11,"column":8},"end":{"line":11,"column":48}},"type":"binary-expr","locations":[{"start":{"line":11,"column":8},"end":{"line":11,"column":26}},{"start":{"line":11,"column":30},"end":{"line":11,"column":48}}]},"2":{"loc":{"start":{"line":13,"column":11},"end":{"line":19,"column":null}},"type":"if","locations":[{"start":{"line":13,"column":11},"end":{"line":19,"column":null}},{"start":{"line":15,"column":11},"end":{"line":19,"column":null}}]},"3":{"loc":{"start":{"line":13,"column":15},"end":{"line":13,"column":55}},"type":"binary-expr","locations":[{"start":{"line":13,"column":15},"end":{"line":13,"column":33}},{"start":{"line":13,"column":37},"end":{"line":13,"column":55}}]},"4":{"loc":{"start":{"line":15,"column":11},"end":{"line":19,"column":null}},"type":"if","locations":[{"start":{"line":15,"column":11},"end":{"line":19,"column":null}},{"start":{"line":17,"column":11},"end":{"line":19,"column":null}}]}},"s":{"0":1,"1":1,"2":8,"3":8,"4":8,"5":8,"6":1,"7":7,"8":1,"9":6,"10":2,"11":4,"12":1},"f":{"0":8},"b":{"0":[1,7],"1":[8,1],"2":[1,6],"3":[7,7],"4":[2,4]}}
}
