TN:
SF:src\calc.ts
FN:1,sum
FNF:1
FNH:1
FNDA:2,sum
DA:1,1
DA:2,2
LF:2
LH:2
BRF:0
BRH:0
end_of_record
TN:
SF:src\king.ts
FN:6,(anonymous_1)
FNF:1
FNH:1
FNDA:4,(anonymous_1)
DA:1,1
DA:3,1
DA:5,1
DA:7,4
DA:8,4
DA:9,4
DA:11,4
DA:12,1
DA:13,3
DA:14,1
DA:15,2
DA:16,0
DA:18,2
LF:13
LH:12
BRDA:11,0,0,1
BRDA:11,0,1,3
BRDA:11,1,0,4
BRDA:11,1,1,3
BRDA:13,2,0,1
BRDA:13,2,1,2
BRDA:13,3,0,3
BRDA:13,3,1,1
BRDA:15,4,0,0
BRDA:15,4,1,2
BRDA:15,5,0,2
BRDA:15,5,1,0
BRF:12
BRH:10
end_of_record
TN:
SF:src\movements.ts
FN:6,(anonymous_0)
FN:10,(anonymous_1)
FN:18,(anonymous_2)
FNF:3
FNH:3
FNDA:12,(anonymous_0)
FNDA:12,(anonymous_1)
FNDA:12,(anonymous_2)
DA:4,2
DA:6,12
DA:11,12
DA:12,12
DA:13,12
DA:15,12
DA:19,12
LF:7
LH:7
BRF:0
BRH:0
end_of_record
TN:
SF:src\piece.ts
FN:8,(anonymous_1)
FN:12,(anonymous_2)
FNF:2
FNH:1
FNDA:9,(anonymous_1)
FNDA:0,(anonymous_2)
DA:3,2
DA:5,2
DA:8,9
DA:9,9
DA:13,0
LF:5
LH:4
BRF:0
BRH:0
end_of_record
TN:
SF:src\position.ts
FN:6,(anonymous_0)
FNF:1
FNH:1
FNDA:21,(anonymous_0)
DA:4,2
DA:6,21
LF:2
LH:2
BRF:0
BRH:0
end_of_record
TN:
SF:src\queen.ts
FN:6,(anonymous_1)
FNF:1
FNH:1
FNDA:8,(anonymous_1)
DA:1,1
DA:3,1
DA:5,1
DA:7,8
DA:8,8
DA:9,8
DA:11,8
DA:12,1
DA:13,7
DA:14,1
DA:15,6
DA:16,2
DA:18,4
LF:13
LH:13
BRDA:11,0,0,1
BRDA:11,0,1,7
BRDA:11,1,0,8
BRDA:11,1,1,1
BRDA:13,2,0,1
BRDA:13,2,1,6
BRDA:13,3,0,7
BRDA:13,3,1,7
BRDA:15,4,0,2
BRDA:15,4,1,4
BRF:10
BRH:10
end_of_record
