{"D:\\Notes\\Developer Road\\ProgramasDeveloper Road\\BackEnd I\\BackEnd-JalaUniversity\\snake 12-12-2022\\src\\Presentation\\Api\\Controllers\\boardController.ts": {"path":"D:\\Notes\\Developer Road\\ProgramasDeveloper Road\\BackEnd I\\BackEnd-JalaUniversity\\snake 12-12-2022\\src\\Presentation\\Api\\Controllers\\boardController.ts","statementMap":{"0":{"start":{"line":2,"column":0},"end":{"line":2,"column":38}},"1":{"start":{"line":4,"column":0},"end":{"line":4,"column":78}},"2":{"start":{"line":8,"column":15},"end":{"line":42,"column":null}},"3":{"start":{"line":9,"column":2},"end":{"line":9,"column":null}},"4":{"start":{"line":12,"column":4},"end":{"line":18,"column":null}},"5":{"start":{"line":13,"column":24},"end":{"line":13,"column":53}},"6":{"start":{"line":14,"column":23},"end":{"line":14,"column":66}},"7":{"start":{"line":15,"column":6},"end":{"line":15,"column":null}},"8":{"start":{"line":17,"column":6},"end":{"line":17,"column":null}},"9":{"start":{"line":17,"column":32},"end":{"line":17,"column":null}},"10":{"start":{"line":22,"column":4},"end":{"line":29,"column":null}},"11":{"start":{"line":23,"column":17},"end":{"line":23,"column":51}},"12":{"start":{"line":24,"column":25},"end":{"line":24,"column":59}},"13":{"start":{"line":26,"column":6},"end":{"line":26,"column":null}},"14":{"start":{"line":28,"column":6},"end":{"line":28,"column":null}},"15":{"start":{"line":28,"column":32},"end":{"line":28,"column":null}},"16":{"start":{"line":33,"column":4},"end":{"line":40,"column":null}},"17":{"start":{"line":34,"column":17},"end":{"line":34,"column":51}},"18":{"start":{"line":35,"column":24},"end":{"line":35,"column":60}},"19":{"start":{"line":37,"column":6},"end":{"line":37,"column":null}},"20":{"start":{"line":39,"column":6},"end":{"line":39,"column":null}},"21":{"start":{"line":39,"column":32},"end":{"line":39,"column":null}},"22":{"start":{"line":8,"column":21},"end":{"line":42,"column":null}},"23":{"start":{"line":8,"column":21},"end":{"line":8,"column":null}}},"fnMap":{"0":{"name":"(anonymous_8)","decl":{"start":{"line":8,"column":15},"end":{"line":8,"column":21}},"loc":{"start":{"line":8,"column":15},"end":{"line":42,"column":1}}},"1":{"name":"(anonymous_9)","decl":{"start":{"line":11,"column":8},"end":{"line":11,"column":19}},"loc":{"start":{"line":11,"column":46},"end":{"line":19,"column":null}}},"2":{"name":"(anonymous_11)","decl":{"start":{"line":21,"column":8},"end":{"line":21,"column":18}},"loc":{"start":{"line":21,"column":45},"end":{"line":30,"column":null}}},"3":{"name":"(anonymous_13)","decl":{"start":{"line":32,"column":8},"end":{"line":32,"column":18}},"loc":{"start":{"line":32,"column":45},"end":{"line":41,"column":null}}}},"branchMap":{"0":{"loc":{"start":{"line":17,"column":6},"end":{"line":17,"column":null}},"type":"if","locations":[{"start":{"line":17,"column":6},"end":{"line":17,"column":null}}]},"1":{"loc":{"start":{"line":28,"column":6},"end":{"line":28,"column":null}},"type":"if","locations":[{"start":{"line":28,"column":6},"end":{"line":28,"column":null}}]},"2":{"loc":{"start":{"line":39,"column":6},"end":{"line":39,"column":null}},"type":"if","locations":[{"start":{"line":39,"column":6},"end":{"line":39,"column":null}}]}},"s":{"0":5,"1":5,"2":5,"3":0,"4":0,"5":0,"6":0,"7":0,"8":0,"9":0,"10":0,"11":0,"12":0,"13":0,"14":0,"15":0,"16":0,"17":0,"18":0,"19":0,"20":0,"21":0,"22":5,"23":5},"f":{"0":0,"1":0,"2":0,"3":0},"b":{"0":[0],"1":[0],"2":[0]}}
,"D:\\Notes\\Developer Road\\ProgramasDeveloper Road\\BackEnd I\\BackEnd-JalaUniversity\\snake 12-12-2022\\src\\Presentation\\Api\\Controllers\\boxController.ts": {"path":"D:\\Notes\\Developer Road\\ProgramasDeveloper Road\\BackEnd I\\BackEnd-JalaUniversity\\snake 12-12-2022\\src\\Presentation\\Api\\Controllers\\boxController.ts","statementMap":{"0":{"start":{"line":1,"column":0},"end":{"line":1,"column":78}},"1":{"start":{"line":3,"column":0},"end":{"line":3,"column":38}},"2":{"start":{"line":4,"column":0},"end":{"line":4,"column":25}},"3":{"start":{"line":9,"column":15},"end":{"line":44,"column":null}},"4":{"start":{"line":10,"column":2},"end":{"line":10,"column":null}},"5":{"start":{"line":13,"column":4},"end":{"line":20,"column":null}},"6":{"start":{"line":14,"column":25},"end":{"line":14,"column":59}},"7":{"start":{"line":16,"column":22},"end":{"line":16,"column":62}},"8":{"start":{"line":17,"column":6},"end":{"line":17,"column":null}},"9":{"start":{"line":19,"column":6},"end":{"line":19,"column":null}},"10":{"start":{"line":19,"column":32},"end":{"line":19,"column":null}},"11":{"start":{"line":24,"column":4},"end":{"line":30,"column":null}},"12":{"start":{"line":25,"column":17},"end":{"line":25,"column":50}},"13":{"start":{"line":26,"column":23},"end":{"line":26,"column":53}},"14":{"start":{"line":27,"column":6},"end":{"line":27,"column":null}},"15":{"start":{"line":29,"column":6},"end":{"line":29,"column":null}},"16":{"start":{"line":29,"column":32},"end":{"line":29,"column":null}},"17":{"start":{"line":34,"column":4},"end":{"line":42,"column":null}},"18":{"start":{"line":35,"column":17},"end":{"line":35,"column":50}},"19":{"start":{"line":36,"column":21},"end":{"line":36,"column":58}},"20":{"start":{"line":37,"column":21},"end":{"line":37,"column":58}},"21":{"start":{"line":38,"column":25},"end":{"line":38,"column":81}},"22":{"start":{"line":39,"column":6},"end":{"line":39,"column":null}},"23":{"start":{"line":41,"column":6},"end":{"line":41,"column":null}},"24":{"start":{"line":41,"column":32},"end":{"line":41,"column":null}},"25":{"start":{"line":9,"column":21},"end":{"line":44,"column":null}},"26":{"start":{"line":9,"column":21},"end":{"line":9,"column":null}}},"fnMap":{"0":{"name":"(anonymous_8)","decl":{"start":{"line":9,"column":15},"end":{"line":9,"column":21}},"loc":{"start":{"line":9,"column":15},"end":{"line":44,"column":1}}},"1":{"name":"(anonymous_9)","decl":{"start":{"line":12,"column":8},"end":{"line":12,"column":19}},"loc":{"start":{"line":12,"column":46},"end":{"line":21,"column":null}}},"2":{"name":"(anonymous_11)","decl":{"start":{"line":23,"column":8},"end":{"line":23,"column":18}},"loc":{"start":{"line":23,"column":45},"end":{"line":31,"column":null}}},"3":{"name":"(anonymous_13)","decl":{"start":{"line":33,"column":8},"end":{"line":33,"column":20}},"loc":{"start":{"line":33,"column":47},"end":{"line":43,"column":null}}}},"branchMap":{"0":{"loc":{"start":{"line":19,"column":6},"end":{"line":19,"column":null}},"type":"if","locations":[{"start":{"line":19,"column":6},"end":{"line":19,"column":null}}]},"1":{"loc":{"start":{"line":29,"column":6},"end":{"line":29,"column":null}},"type":"if","locations":[{"start":{"line":29,"column":6},"end":{"line":29,"column":null}}]},"2":{"loc":{"start":{"line":41,"column":6},"end":{"line":41,"column":null}},"type":"if","locations":[{"start":{"line":41,"column":6},"end":{"line":41,"column":null}}]}},"s":{"0":5,"1":5,"2":5,"3":5,"4":0,"5":0,"6":0,"7":0,"8":0,"9":0,"10":0,"11":0,"12":0,"13":0,"14":0,"15":0,"16":0,"17":0,"18":0,"19":0,"20":0,"21":0,"22":0,"23":0,"24":0,"25":5,"26":5},"f":{"0":0,"1":0,"2":0,"3":0},"b":{"0":[0],"1":[0],"2":[0]}}
,"D:\\Notes\\Developer Road\\ProgramasDeveloper Road\\BackEnd I\\BackEnd-JalaUniversity\\snake 12-12-2022\\src\\Presentation\\Api\\Controllers\\gameController.ts": {"path":"D:\\Notes\\Developer Road\\ProgramasDeveloper Road\\BackEnd I\\BackEnd-JalaUniversity\\snake 12-12-2022\\src\\Presentation\\Api\\Controllers\\gameController.ts","statementMap":{"0":{"start":{"line":1,"column":0},"end":{"line":1,"column":78}},"1":{"start":{"line":3,"column":0},"end":{"line":3,"column":38}},"2":{"start":{"line":4,"column":0},"end":{"line":4,"column":25}},"3":{"start":{"line":9,"column":15},"end":{"line":86,"column":null}},"4":{"start":{"line":10,"column":2},"end":{"line":10,"column":null}},"5":{"start":{"line":13,"column":4},"end":{"line":24,"column":null}},"6":{"start":{"line":14,"column":6},"end":{"line":21,"column":null}},"7":{"start":{"line":15,"column":21},"end":{"line":15,"column":55}},"8":{"start":{"line":16,"column":24},"end":{"line":16,"column":52}},"9":{"start":{"line":17,"column":22},"end":{"line":17,"column":57}},"10":{"start":{"line":19,"column":24},"end":{"line":19,"column":75}},"11":{"start":{"line":20,"column":8},"end":{"line":20,"column":null}},"12":{"start":{"line":23,"column":6},"end":{"line":23,"column":null}},"13":{"start":{"line":23,"column":32},"end":{"line":23,"column":null}},"14":{"start":{"line":28,"column":4},"end":{"line":34,"column":null}},"15":{"start":{"line":29,"column":17},"end":{"line":29,"column":50}},"16":{"start":{"line":30,"column":23},"end":{"line":30,"column":54}},"17":{"start":{"line":31,"column":6},"end":{"line":31,"column":null}},"18":{"start":{"line":33,"column":6},"end":{"line":33,"column":null}},"19":{"start":{"line":33,"column":32},"end":{"line":33,"column":null}},"20":{"start":{"line":38,"column":4},"end":{"line":44,"column":null}},"21":{"start":{"line":39,"column":17},"end":{"line":39,"column":50}},"22":{"start":{"line":40,"column":23},"end":{"line":40,"column":74}},"23":{"start":{"line":41,"column":6},"end":{"line":41,"column":null}},"24":{"start":{"line":43,"column":6},"end":{"line":43,"column":null}},"25":{"start":{"line":43,"column":32},"end":{"line":43,"column":null}},"26":{"start":{"line":48,"column":4},"end":{"line":54,"column":null}},"27":{"start":{"line":49,"column":17},"end":{"line":49,"column":50}},"28":{"start":{"line":50,"column":24},"end":{"line":50,"column":67}},"29":{"start":{"line":51,"column":6},"end":{"line":51,"column":null}},"30":{"start":{"line":53,"column":6},"end":{"line":53,"column":null}},"31":{"start":{"line":53,"column":32},"end":{"line":53,"column":null}},"32":{"start":{"line":58,"column":4},"end":{"line":64,"column":null}},"33":{"start":{"line":59,"column":17},"end":{"line":59,"column":50}},"34":{"start":{"line":60,"column":29},"end":{"line":60,"column":77}},"35":{"start":{"line":61,"column":6},"end":{"line":61,"column":null}},"36":{"start":{"line":63,"column":6},"end":{"line":63,"column":null}},"37":{"start":{"line":63,"column":32},"end":{"line":63,"column":null}},"38":{"start":{"line":68,"column":4},"end":{"line":74,"column":null}},"39":{"start":{"line":69,"column":17},"end":{"line":69,"column":50}},"40":{"start":{"line":70,"column":29},"end":{"line":70,"column":70}},"41":{"start":{"line":71,"column":6},"end":{"line":71,"column":null}},"42":{"start":{"line":73,"column":6},"end":{"line":73,"column":null}},"43":{"start":{"line":73,"column":32},"end":{"line":73,"column":null}},"44":{"start":{"line":78,"column":4},"end":{"line":84,"column":null}},"45":{"start":{"line":79,"column":17},"end":{"line":79,"column":50}},"46":{"start":{"line":80,"column":27},"end":{"line":80,"column":63}},"47":{"start":{"line":81,"column":6},"end":{"line":81,"column":null}},"48":{"start":{"line":83,"column":6},"end":{"line":83,"column":null}},"49":{"start":{"line":83,"column":32},"end":{"line":83,"column":null}},"50":{"start":{"line":9,"column":21},"end":{"line":86,"column":null}},"51":{"start":{"line":9,"column":21},"end":{"line":9,"column":null}}},"fnMap":{"0":{"name":"(anonymous_8)","decl":{"start":{"line":9,"column":15},"end":{"line":9,"column":21}},"loc":{"start":{"line":9,"column":15},"end":{"line":86,"column":1}}},"1":{"name":"(anonymous_9)","decl":{"start":{"line":12,"column":8},"end":{"line":12,"column":18}},"loc":{"start":{"line":12,"column":45},"end":{"line":25,"column":null}}},"2":{"name":"(anonymous_11)","decl":{"start":{"line":27,"column":8},"end":{"line":27,"column":18}},"loc":{"start":{"line":27,"column":45},"end":{"line":35,"column":null}}},"3":{"name":"(anonymous_13)","decl":{"start":{"line":37,"column":8},"end":{"line":37,"column":21}},"loc":{"start":{"line":37,"column":48},"end":{"line":45,"column":null}}},"4":{"name":"(anonymous_15)","decl":{"start":{"line":47,"column":8},"end":{"line":47,"column":18}},"loc":{"start":{"line":47,"column":45},"end":{"line":55,"column":null}}},"5":{"name":"(anonymous_17)","decl":{"start":{"line":57,"column":8},"end":{"line":57,"column":15}},"loc":{"start":{"line":57,"column":42},"end":{"line":65,"column":null}}},"6":{"name":"(anonymous_19)","decl":{"start":{"line":67,"column":8},"end":{"line":67,"column":16}},"loc":{"start":{"line":67,"column":43},"end":{"line":75,"column":null}}},"7":{"name":"(anonymous_21)","decl":{"start":{"line":77,"column":8},"end":{"line":77,"column":23}},"loc":{"start":{"line":77,"column":50},"end":{"line":85,"column":null}}}},"branchMap":{"0":{"loc":{"start":{"line":14,"column":6},"end":{"line":21,"column":null}},"type":"if","locations":[{"start":{"line":14,"column":6},"end":{"line":21,"column":null}}]},"1":{"loc":{"start":{"line":14,"column":10},"end":{"line":14,"column":64}},"type":"binary-expr","locations":[{"start":{"line":14,"column":10},"end":{"line":14,"column":24}},{"start":{"line":14,"column":28},"end":{"line":14,"column":45}},{"start":{"line":14,"column":49},"end":{"line":14,"column":64}}]},"2":{"loc":{"start":{"line":23,"column":6},"end":{"line":23,"column":null}},"type":"if","locations":[{"start":{"line":23,"column":6},"end":{"line":23,"column":null}}]},"3":{"loc":{"start":{"line":33,"column":6},"end":{"line":33,"column":null}},"type":"if","locations":[{"start":{"line":33,"column":6},"end":{"line":33,"column":null}}]},"4":{"loc":{"start":{"line":43,"column":6},"end":{"line":43,"column":null}},"type":"if","locations":[{"start":{"line":43,"column":6},"end":{"line":43,"column":null}}]},"5":{"loc":{"start":{"line":53,"column":6},"end":{"line":53,"column":null}},"type":"if","locations":[{"start":{"line":53,"column":6},"end":{"line":53,"column":null}}]},"6":{"loc":{"start":{"line":63,"column":6},"end":{"line":63,"column":null}},"type":"if","locations":[{"start":{"line":63,"column":6},"end":{"line":63,"column":null}}]},"7":{"loc":{"start":{"line":73,"column":6},"end":{"line":73,"column":null}},"type":"if","locations":[{"start":{"line":73,"column":6},"end":{"line":73,"column":null}}]},"8":{"loc":{"start":{"line":83,"column":6},"end":{"line":83,"column":null}},"type":"if","locations":[{"start":{"line":83,"column":6},"end":{"line":83,"column":null}}]}},"s":{"0":5,"1":5,"2":5,"3":5,"4":0,"5":0,"6":0,"7":0,"8":0,"9":0,"10":0,"11":0,"12":0,"13":0,"14":0,"15":0,"16":0,"17":0,"18":0,"19":0,"20":0,"21":0,"22":0,"23":0,"24":0,"25":0,"26":0,"27":0,"28":0,"29":0,"30":0,"31":0,"32":0,"33":0,"34":0,"35":0,"36":0,"37":0,"38":0,"39":0,"40":0,"41":0,"42":0,"43":0,"44":0,"45":0,"46":0,"47":0,"48":0,"49":0,"50":5,"51":5},"f":{"0":0,"1":0,"2":0,"3":0,"4":0,"5":0,"6":0,"7":0},"b":{"0":[0],"1":[0,0,0],"2":[0],"3":[0],"4":[0],"5":[0],"6":[0],"7":[0],"8":[0]}}
,"D:\\Notes\\Developer Road\\ProgramasDeveloper Road\\BackEnd I\\BackEnd-JalaUniversity\\snake 12-12-2022\\src\\Presentation\\Api\\Controllers\\snakecontroller.ts": {"path":"D:\\Notes\\Developer Road\\ProgramasDeveloper Road\\BackEnd I\\BackEnd-JalaUniversity\\snake 12-12-2022\\src\\Presentation\\Api\\Controllers\\snakecontroller.ts","statementMap":{"0":{"start":{"line":1,"column":0},"end":{"line":1,"column":78}},"1":{"start":{"line":3,"column":0},"end":{"line":3,"column":38}},"2":{"start":{"line":5,"column":0},"end":{"line":5,"column":25}},"3":{"start":{"line":9,"column":15},"end":{"line":98,"column":null}},"4":{"start":{"line":10,"column":2},"end":{"line":10,"column":null}},"5":{"start":{"line":13,"column":4},"end":{"line":26,"column":null}},"6":{"start":{"line":14,"column":6},"end":{"line":23,"column":null}},"7":{"start":{"line":15,"column":27},"end":{"line":15,"column":62}},"8":{"start":{"line":16,"column":23},"end":{"line":16,"column":50}},"9":{"start":{"line":18,"column":27},"end":{"line":18,"column":78}},"10":{"start":{"line":20,"column":8},"end":{"line":20,"column":null}},"11":{"start":{"line":22,"column":8},"end":{"line":22,"column":null}},"12":{"start":{"line":25,"column":6},"end":{"line":25,"column":null}},"13":{"start":{"line":25,"column":32},"end":{"line":25,"column":null}},"14":{"start":{"line":30,"column":4},"end":{"line":37,"column":null}},"15":{"start":{"line":31,"column":17},"end":{"line":31,"column":50}},"16":{"start":{"line":32,"column":27},"end":{"line":32,"column":60}},"17":{"start":{"line":34,"column":6},"end":{"line":34,"column":null}},"18":{"start":{"line":36,"column":6},"end":{"line":36,"column":null}},"19":{"start":{"line":36,"column":32},"end":{"line":36,"column":null}},"20":{"start":{"line":41,"column":4},"end":{"line":47,"column":null}},"21":{"start":{"line":42,"column":27},"end":{"line":42,"column":67}},"22":{"start":{"line":44,"column":6},"end":{"line":44,"column":null}},"23":{"start":{"line":46,"column":6},"end":{"line":46,"column":null}},"24":{"start":{"line":46,"column":32},"end":{"line":46,"column":null}},"25":{"start":{"line":51,"column":4},"end":{"line":61,"column":null}},"26":{"start":{"line":52,"column":6},"end":{"line":58,"column":null}},"27":{"start":{"line":53,"column":19},"end":{"line":53,"column":52}},"28":{"start":{"line":54,"column":26},"end":{"line":54,"column":56}},"29":{"start":{"line":56,"column":20},"end":{"line":56,"column":75}},"30":{"start":{"line":57,"column":8},"end":{"line":57,"column":null}},"31":{"start":{"line":60,"column":6},"end":{"line":60,"column":null}},"32":{"start":{"line":60,"column":32},"end":{"line":60,"column":null}},"33":{"start":{"line":65,"column":4},"end":{"line":73,"column":null}},"34":{"start":{"line":66,"column":17},"end":{"line":66,"column":50}},"35":{"start":{"line":67,"column":28},"end":{"line":67,"column":52}},"36":{"start":{"line":69,"column":26},"end":{"line":69,"column":84}},"37":{"start":{"line":70,"column":6},"end":{"line":70,"column":null}},"38":{"start":{"line":72,"column":6},"end":{"line":72,"column":null}},"39":{"start":{"line":72,"column":32},"end":{"line":72,"column":null}},"40":{"start":{"line":77,"column":4},"end":{"line":85,"column":null}},"41":{"start":{"line":78,"column":17},"end":{"line":78,"column":50}},"42":{"start":{"line":79,"column":19},"end":{"line":79,"column":45}},"43":{"start":{"line":81,"column":26},"end":{"line":81,"column":73}},"44":{"start":{"line":82,"column":6},"end":{"line":82,"column":null}},"45":{"start":{"line":84,"column":6},"end":{"line":84,"column":null}},"46":{"start":{"line":84,"column":32},"end":{"line":84,"column":null}},"47":{"start":{"line":89,"column":4},"end":{"line":96,"column":null}},"48":{"start":{"line":90,"column":17},"end":{"line":90,"column":50}},"49":{"start":{"line":92,"column":24},"end":{"line":92,"column":59}},"50":{"start":{"line":93,"column":6},"end":{"line":93,"column":null}},"51":{"start":{"line":95,"column":6},"end":{"line":95,"column":null}},"52":{"start":{"line":95,"column":32},"end":{"line":95,"column":null}},"53":{"start":{"line":9,"column":21},"end":{"line":98,"column":null}},"54":{"start":{"line":9,"column":21},"end":{"line":9,"column":null}}},"fnMap":{"0":{"name":"(anonymous_8)","decl":{"start":{"line":9,"column":15},"end":{"line":9,"column":21}},"loc":{"start":{"line":9,"column":15},"end":{"line":98,"column":1}}},"1":{"name":"(anonymous_9)","decl":{"start":{"line":12,"column":8},"end":{"line":12,"column":19}},"loc":{"start":{"line":12,"column":46},"end":{"line":27,"column":null}}},"2":{"name":"(anonymous_11)","decl":{"start":{"line":29,"column":8},"end":{"line":29,"column":18}},"loc":{"start":{"line":29,"column":45},"end":{"line":38,"column":null}}},"3":{"name":"(anonymous_13)","decl":{"start":{"line":40,"column":8},"end":{"line":40,"column":24}},"loc":{"start":{"line":40,"column":51},"end":{"line":48,"column":null}}},"4":{"name":"(anonymous_15)","decl":{"start":{"line":50,"column":8},"end":{"line":50,"column":23}},"loc":{"start":{"line":50,"column":50},"end":{"line":62,"column":null}}},"5":{"name":"(anonymous_17)","decl":{"start":{"line":64,"column":8},"end":{"line":64,"column":20}},"loc":{"start":{"line":64,"column":47},"end":{"line":74,"column":null}}},"6":{"name":"(anonymous_19)","decl":{"start":{"line":76,"column":8},"end":{"line":76,"column":19}},"loc":{"start":{"line":76,"column":46},"end":{"line":86,"column":null}}},"7":{"name":"(anonymous_21)","decl":{"start":{"line":88,"column":8},"end":{"line":88,"column":18}},"loc":{"start":{"line":88,"column":45},"end":{"line":97,"column":null}}}},"branchMap":{"0":{"loc":{"start":{"line":14,"column":6},"end":{"line":23,"column":null}},"type":"if","locations":[{"start":{"line":14,"column":6},"end":{"line":23,"column":null}},{"start":{"line":21,"column":13},"end":{"line":23,"column":null}}]},"1":{"loc":{"start":{"line":14,"column":10},"end":{"line":14,"column":45}},"type":"binary-expr","locations":[{"start":{"line":14,"column":10},"end":{"line":14,"column":25}},{"start":{"line":14,"column":29},"end":{"line":14,"column":45}}]},"2":{"loc":{"start":{"line":25,"column":6},"end":{"line":25,"column":null}},"type":"if","locations":[{"start":{"line":25,"column":6},"end":{"line":25,"column":null}}]},"3":{"loc":{"start":{"line":36,"column":6},"end":{"line":36,"column":null}},"type":"if","locations":[{"start":{"line":36,"column":6},"end":{"line":36,"column":null}}]},"4":{"loc":{"start":{"line":46,"column":6},"end":{"line":46,"column":null}},"type":"if","locations":[{"start":{"line":46,"column":6},"end":{"line":46,"column":null}}]},"5":{"loc":{"start":{"line":52,"column":6},"end":{"line":58,"column":null}},"type":"if","locations":[{"start":{"line":52,"column":6},"end":{"line":58,"column":null}}]},"6":{"loc":{"start":{"line":52,"column":10},"end":{"line":52,"column":46}},"type":"binary-expr","locations":[{"start":{"line":52,"column":10},"end":{"line":52,"column":29}},{"start":{"line":52,"column":33},"end":{"line":52,"column":46}}]},"7":{"loc":{"start":{"line":60,"column":6},"end":{"line":60,"column":null}},"type":"if","locations":[{"start":{"line":60,"column":6},"end":{"line":60,"column":null}}]},"8":{"loc":{"start":{"line":72,"column":6},"end":{"line":72,"column":null}},"type":"if","locations":[{"start":{"line":72,"column":6},"end":{"line":72,"column":null}}]},"9":{"loc":{"start":{"line":84,"column":6},"end":{"line":84,"column":null}},"type":"if","locations":[{"start":{"line":84,"column":6},"end":{"line":84,"column":null}}]},"10":{"loc":{"start":{"line":95,"column":6},"end":{"line":95,"column":null}},"type":"if","locations":[{"start":{"line":95,"column":6},"end":{"line":95,"column":null}}]}},"s":{"0":5,"1":5,"2":5,"3":5,"4":0,"5":0,"6":0,"7":0,"8":0,"9":0,"10":0,"11":0,"12":0,"13":0,"14":0,"15":0,"16":0,"17":0,"18":0,"19":0,"20":0,"21":0,"22":0,"23":0,"24":0,"25":0,"26":0,"27":0,"28":0,"29":0,"30":0,"31":0,"32":0,"33":0,"34":0,"35":0,"36":0,"37":0,"38":0,"39":0,"40":0,"41":0,"42":0,"43":0,"44":0,"45":0,"46":0,"47":0,"48":0,"49":0,"50":0,"51":0,"52":0,"53":5,"54":5},"f":{"0":0,"1":0,"2":0,"3":0,"4":0,"5":0,"6":0,"7":0},"b":{"0":[0,0],"1":[0,0],"2":[0],"3":[0],"4":[0],"5":[0],"6":[0,0],"7":[0],"8":[0],"9":[0],"10":[0]}}
,"D:\\Notes\\Developer Road\\ProgramasDeveloper Road\\BackEnd I\\BackEnd-JalaUniversity\\snake 12-12-2022\\src\\domain\\entities\\board.ts": {"path":"D:\\Notes\\Developer Road\\ProgramasDeveloper Road\\BackEnd I\\BackEnd-JalaUniversity\\snake 12-12-2022\\src\\domain\\entities\\board.ts","statementMap":{"0":{"start":{"line":1,"column":0},"end":{"line":1,"column":21}}},"fnMap":{},"branchMap":{},"s":{"0":6},"f":{},"b":{}}
,"D:\\Notes\\Developer Road\\ProgramasDeveloper Road\\BackEnd I\\BackEnd-JalaUniversity\\snake 12-12-2022\\src\\domain\\entities\\box.ts": {"path":"D:\\Notes\\Developer Road\\ProgramasDeveloper Road\\BackEnd I\\BackEnd-JalaUniversity\\snake 12-12-2022\\src\\domain\\entities\\box.ts","statementMap":{"0":{"start":{"line":2,"column":0},"end":{"line":2,"column":33}},"1":{"start":{"line":4,"column":0},"end":{"line":4,"column":21}}},"fnMap":{},"branchMap":{},"s":{"0":6,"1":6},"f":{},"b":{}}
,"D:\\Notes\\Developer Road\\ProgramasDeveloper Road\\BackEnd I\\BackEnd-JalaUniversity\\snake 12-12-2022\\src\\domain\\entities\\game.ts": {"path":"D:\\Notes\\Developer Road\\ProgramasDeveloper Road\\BackEnd I\\BackEnd-JalaUniversity\\snake 12-12-2022\\src\\domain\\entities\\game.ts","statementMap":{"0":{"start":{"line":3,"column":0},"end":{"line":3,"column":21}}},"fnMap":{},"branchMap":{},"s":{"0":5},"f":{},"b":{}}
,"D:\\Notes\\Developer Road\\ProgramasDeveloper Road\\BackEnd I\\BackEnd-JalaUniversity\\snake 12-12-2022\\src\\domain\\entities\\position.ts": {"path":"D:\\Notes\\Developer Road\\ProgramasDeveloper Road\\BackEnd I\\BackEnd-JalaUniversity\\snake 12-12-2022\\src\\domain\\entities\\position.ts","statementMap":{"0":{"start":{"line":1,"column":0},"end":{"line":1,"column":21}}},"fnMap":{},"branchMap":{},"s":{"0":7},"f":{},"b":{}}
,"D:\\Notes\\Developer Road\\ProgramasDeveloper Road\\BackEnd I\\BackEnd-JalaUniversity\\snake 12-12-2022\\src\\domain\\entities\\snake.ts": {"path":"D:\\Notes\\Developer Road\\ProgramasDeveloper Road\\BackEnd I\\BackEnd-JalaUniversity\\snake 12-12-2022\\src\\domain\\entities\\snake.ts","statementMap":{"0":{"start":{"line":2,"column":0},"end":{"line":2,"column":33}},"1":{"start":{"line":4,"column":0},"end":{"line":4,"column":21}}},"fnMap":{},"branchMap":{},"s":{"0":6,"1":6},"f":{},"b":{}}
,"D:\\Notes\\Developer Road\\ProgramasDeveloper Road\\BackEnd I\\BackEnd-JalaUniversity\\snake 12-12-2022\\src\\helpers\\randomPosition.ts": {"path":"D:\\Notes\\Developer Road\\ProgramasDeveloper Road\\BackEnd I\\BackEnd-JalaUniversity\\snake 12-12-2022\\src\\helpers\\randomPosition.ts","statementMap":{"0":{"start":{"line":1,"column":14},"end":{"line":1,"column":15}},"1":{"start":{"line":2,"column":15},"end":{"line":2,"column":16}},"2":{"start":{"line":4,"column":30},"end":{"line":16,"column":1}},"3":{"start":{"line":5,"column":2},"end":{"line":15,"column":null}},"4":{"start":{"line":6,"column":17},"end":{"line":6,"column":37}},"5":{"start":{"line":7,"column":22},"end":{"line":7,"column":63}},"6":{"start":{"line":8,"column":4},"end":{"line":8,"column":null}},"7":{"start":{"line":9,"column":4},"end":{"line":9,"column":null}},"8":{"start":{"line":10,"column":21},"end":{"line":10,"column":41}},"9":{"start":{"line":12,"column":4},"end":{"line":12,"column":null}},"10":{"start":{"line":14,"column":4},"end":{"line":14,"column":null}},"11":{"start":{"line":4,"column":13},"end":{"line":4,"column":30}}},"fnMap":{"0":{"name":"(anonymous_0)","decl":{"start":{"line":4,"column":30},"end":{"line":4,"column":31}},"loc":{"start":{"line":4,"column":45},"end":{"line":16,"column":1}}}},"branchMap":{"0":{"loc":{"start":{"line":5,"column":2},"end":{"line":15,"column":null}},"type":"if","locations":[{"start":{"line":5,"column":2},"end":{"line":15,"column":null}},{"start":{"line":13,"column":9},"end":{"line":15,"column":null}}]}},"s":{"0":7,"1":7,"2":7,"3":22,"4":21,"5":21,"6":21,"7":21,"8":21,"9":21,"10":1,"11":7},"f":{"0":22},"b":{"0":[21,1]}}
,"D:\\Notes\\Developer Road\\ProgramasDeveloper Road\\BackEnd I\\BackEnd-JalaUniversity\\snake 12-12-2022\\src\\helpers\\translateToDirection.ts": {"path":"D:\\Notes\\Developer Road\\ProgramasDeveloper Road\\BackEnd I\\BackEnd-JalaUniversity\\snake 12-12-2022\\src\\helpers\\translateToDirection.ts","statementMap":{"0":{"start":{"line":4,"column":40},"end":{"line":4,"column":71}},"1":{"start":{"line":6,"column":2},"end":{"line":17,"column":null}},"2":{"start":{"line":8,"column":6},"end":{"line":8,"column":null}},"3":{"start":{"line":10,"column":6},"end":{"line":10,"column":null}},"4":{"start":{"line":12,"column":6},"end":{"line":12,"column":null}},"5":{"start":{"line":14,"column":6},"end":{"line":14,"column":null}},"6":{"start":{"line":16,"column":6},"end":{"line":16,"column":null}},"7":{"start":{"line":3,"column":0},"end":{"line":3,"column":24}}},"fnMap":{"0":{"name":"translateToDirection","decl":{"start":{"line":3,"column":24},"end":{"line":3,"column":44}},"loc":{"start":{"line":3,"column":63},"end":{"line":18,"column":1}}}},"branchMap":{"0":{"loc":{"start":{"line":6,"column":2},"end":{"line":17,"column":null}},"type":"switch","locations":[{"start":{"line":7,"column":4},"end":{"line":8,"column":null}},{"start":{"line":9,"column":4},"end":{"line":10,"column":null}},{"start":{"line":11,"column":4},"end":{"line":12,"column":null}},{"start":{"line":13,"column":4},"end":{"line":14,"column":null}},{"start":{"line":15,"column":4},"end":{"line":16,"column":null}}]}},"s":{"0":6,"1":6,"2":2,"3":1,"4":1,"5":1,"6":1,"7":6},"f":{"0":6},"b":{"0":[2,1,1,1,1]}}
,"D:\\Notes\\Developer Road\\ProgramasDeveloper Road\\BackEnd I\\BackEnd-JalaUniversity\\snake 12-12-2022\\src\\infrastructure\\database\\board-data-access.ts": {"path":"D:\\Notes\\Developer Road\\ProgramasDeveloper Road\\BackEnd I\\BackEnd-JalaUniversity\\snake 12-12-2022\\src\\infrastructure\\database\\board-data-access.ts","statementMap":{"0":{"start":{"line":1,"column":0},"end":{"line":1,"column":43}},"1":{"start":{"line":3,"column":0},"end":{"line":3,"column":40}},"2":{"start":{"line":4,"column":0},"end":{"line":4,"column":38}},"3":{"start":{"line":5,"column":0},"end":{"line":5,"column":25}},"4":{"start":{"line":6,"column":0},"end":{"line":6,"column":46}},"5":{"start":{"line":9,"column":15},"end":{"line":42,"column":null}},"6":{"start":{"line":10,"column":12},"end":{"line":10,"column":null}},"7":{"start":{"line":13,"column":4},"end":{"line":13,"column":null}},"8":{"start":{"line":14,"column":20},"end":{"line":14,"column":54}},"9":{"start":{"line":16,"column":4},"end":{"line":20,"column":null}},"10":{"start":{"line":17,"column":6},"end":{"line":17,"column":null}},"11":{"start":{"line":19,"column":6},"end":{"line":19,"column":null}},"12":{"start":{"line":24,"column":23},"end":{"line":24,"column":62}},"13":{"start":{"line":26,"column":4},"end":{"line":30,"column":null}},"14":{"start":{"line":27,"column":6},"end":{"line":27,"column":null}},"15":{"start":{"line":29,"column":6},"end":{"line":29,"column":null}},"16":{"start":{"line":34,"column":27},"end":{"line":34,"column":63}},"17":{"start":{"line":36,"column":4},"end":{"line":40,"column":null}},"18":{"start":{"line":37,"column":6},"end":{"line":37,"column":null}},"19":{"start":{"line":39,"column":6},"end":{"line":39,"column":null}},"20":{"start":{"line":9,"column":21},"end":{"line":42,"column":null}},"21":{"start":{"line":9,"column":21},"end":{"line":9,"column":null}}},"fnMap":{"0":{"name":"(anonymous_9)","decl":{"start":{"line":9,"column":15},"end":{"line":9,"column":21}},"loc":{"start":{"line":9,"column":15},"end":{"line":42,"column":1}}},"1":{"name":"(anonymous_10)","decl":{"start":{"line":12,"column":8},"end":{"line":12,"column":14}},"loc":{"start":{"line":12,"column":30},"end":{"line":21,"column":null}}},"2":{"name":"(anonymous_12)","decl":{"start":{"line":23,"column":8},"end":{"line":23,"column":12}},"loc":{"start":{"line":23,"column":24},"end":{"line":31,"column":null}}},"3":{"name":"(anonymous_14)","decl":{"start":{"line":33,"column":8},"end":{"line":33,"column":14}},"loc":{"start":{"line":33,"column":26},"end":{"line":41,"column":null}}}},"branchMap":{"0":{"loc":{"start":{"line":16,"column":4},"end":{"line":20,"column":null}},"type":"if","locations":[{"start":{"line":16,"column":4},"end":{"line":20,"column":null}},{"start":{"line":18,"column":11},"end":{"line":20,"column":null}}]},"1":{"loc":{"start":{"line":26,"column":4},"end":{"line":30,"column":null}},"type":"if","locations":[{"start":{"line":26,"column":4},"end":{"line":30,"column":null}},{"start":{"line":28,"column":11},"end":{"line":30,"column":null}}]},"2":{"loc":{"start":{"line":36,"column":4},"end":{"line":40,"column":null}},"type":"if","locations":[{"start":{"line":36,"column":4},"end":{"line":40,"column":null}},{"start":{"line":38,"column":11},"end":{"line":40,"column":null}}]}},"s":{"0":5,"1":5,"2":5,"3":5,"4":5,"5":5,"6":1,"7":3,"8":3,"9":3,"10":3,"11":0,"12":2,"13":2,"14":1,"15":1,"16":2,"17":2,"18":1,"19":1,"20":5,"21":5},"f":{"0":1,"1":3,"2":2,"3":2},"b":{"0":[3,0],"1":[1,1],"2":[1,1]}}
,"D:\\Notes\\Developer Road\\ProgramasDeveloper Road\\BackEnd I\\BackEnd-JalaUniversity\\snake 12-12-2022\\src\\infrastructure\\database\\box-data-access.ts": {"path":"D:\\Notes\\Developer Road\\ProgramasDeveloper Road\\BackEnd I\\BackEnd-JalaUniversity\\snake 12-12-2022\\src\\infrastructure\\database\\box-data-access.ts","statementMap":{"0":{"start":{"line":1,"column":0},"end":{"line":1,"column":43}},"1":{"start":{"line":2,"column":0},"end":{"line":2,"column":38}},"2":{"start":{"line":3,"column":0},"end":{"line":3,"column":25}},"3":{"start":{"line":5,"column":0},"end":{"line":5,"column":46}},"4":{"start":{"line":6,"column":0},"end":{"line":6,"column":36}},"5":{"start":{"line":10,"column":15},"end":{"line":38,"column":null}},"6":{"start":{"line":11,"column":12},"end":{"line":11,"column":null}},"7":{"start":{"line":14,"column":4},"end":{"line":14,"column":null}},"8":{"start":{"line":16,"column":18},"end":{"line":16,"column":52}},"9":{"start":{"line":17,"column":4},"end":{"line":21,"column":null}},"10":{"start":{"line":18,"column":6},"end":{"line":18,"column":null}},"11":{"start":{"line":20,"column":6},"end":{"line":20,"column":null}},"12":{"start":{"line":25,"column":21},"end":{"line":25,"column":60}},"13":{"start":{"line":27,"column":4},"end":{"line":31,"column":null}},"14":{"start":{"line":28,"column":6},"end":{"line":28,"column":null}},"15":{"start":{"line":30,"column":6},"end":{"line":30,"column":null}},"16":{"start":{"line":35,"column":22},"end":{"line":35,"column":53}},"17":{"start":{"line":36,"column":4},"end":{"line":36,"column":null}},"18":{"start":{"line":10,"column":21},"end":{"line":38,"column":null}},"19":{"start":{"line":10,"column":21},"end":{"line":10,"column":null}}},"fnMap":{"0":{"name":"(anonymous_9)","decl":{"start":{"line":10,"column":15},"end":{"line":10,"column":21}},"loc":{"start":{"line":10,"column":15},"end":{"line":38,"column":1}}},"1":{"name":"(anonymous_10)","decl":{"start":{"line":13,"column":8},"end":{"line":13,"column":14}},"loc":{"start":{"line":13,"column":33},"end":{"line":22,"column":null}}},"2":{"name":"(anonymous_12)","decl":{"start":{"line":24,"column":8},"end":{"line":24,"column":12}},"loc":{"start":{"line":24,"column":24},"end":{"line":32,"column":null}}},"3":{"name":"(anonymous_14)","decl":{"start":{"line":34,"column":8},"end":{"line":34,"column":14}},"loc":{"start":{"line":34,"column":24},"end":{"line":37,"column":null}}}},"branchMap":{"0":{"loc":{"start":{"line":17,"column":4},"end":{"line":21,"column":null}},"type":"if","locations":[{"start":{"line":17,"column":4},"end":{"line":21,"column":null}},{"start":{"line":19,"column":11},"end":{"line":21,"column":null}}]},"1":{"loc":{"start":{"line":27,"column":4},"end":{"line":31,"column":null}},"type":"if","locations":[{"start":{"line":27,"column":4},"end":{"line":31,"column":null}},{"start":{"line":29,"column":11},"end":{"line":31,"column":null}}]}},"s":{"0":5,"1":5,"2":5,"3":5,"4":5,"5":5,"6":1,"7":3,"8":3,"9":3,"10":3,"11":0,"12":3,"13":3,"14":3,"15":0,"16":1,"17":1,"18":5,"19":5},"f":{"0":1,"1":3,"2":3,"3":1},"b":{"0":[3,0],"1":[3,0]}}
,"D:\\Notes\\Developer Road\\ProgramasDeveloper Road\\BackEnd I\\BackEnd-JalaUniversity\\snake 12-12-2022\\src\\infrastructure\\database\\db-source.ts": {"path":"D:\\Notes\\Developer Road\\ProgramasDeveloper Road\\BackEnd I\\BackEnd-JalaUniversity\\snake 12-12-2022\\src\\infrastructure\\database\\db-source.ts","statementMap":{"0":{"start":{"line":1,"column":0},"end":{"line":1,"column":36}},"1":{"start":{"line":2,"column":0},"end":{"line":2,"column":40}},"2":{"start":{"line":3,"column":0},"end":{"line":3,"column":36}},"3":{"start":{"line":4,"column":0},"end":{"line":4,"column":38}},"4":{"start":{"line":5,"column":0},"end":{"line":5,"column":40}},"5":{"start":{"line":7,"column":13},"end":{"line":15,"column":null}}},"fnMap":{},"branchMap":{},"s":{"0":5,"1":5,"2":5,"3":5,"4":5,"5":5},"f":{},"b":{}}
,"D:\\Notes\\Developer Road\\ProgramasDeveloper Road\\BackEnd I\\BackEnd-JalaUniversity\\snake 12-12-2022\\src\\infrastructure\\database\\game-data-access.ts": {"path":"D:\\Notes\\Developer Road\\ProgramasDeveloper Road\\BackEnd I\\BackEnd-JalaUniversity\\snake 12-12-2022\\src\\infrastructure\\database\\game-data-access.ts","statementMap":{"0":{"start":{"line":1,"column":0},"end":{"line":1,"column":43}},"1":{"start":{"line":2,"column":0},"end":{"line":2,"column":38}},"2":{"start":{"line":3,"column":0},"end":{"line":3,"column":25}},"3":{"start":{"line":4,"column":0},"end":{"line":4,"column":46}},"4":{"start":{"line":5,"column":0},"end":{"line":5,"column":38}},"5":{"start":{"line":10,"column":15},"end":{"line":36,"column":null}},"6":{"start":{"line":11,"column":12},"end":{"line":11,"column":null}},"7":{"start":{"line":14,"column":4},"end":{"line":14,"column":null}},"8":{"start":{"line":16,"column":19},"end":{"line":16,"column":53}},"9":{"start":{"line":18,"column":4},"end":{"line":18,"column":null}},"10":{"start":{"line":22,"column":22},"end":{"line":22,"column":61}},"11":{"start":{"line":24,"column":4},"end":{"line":28,"column":null}},"12":{"start":{"line":25,"column":6},"end":{"line":25,"column":null}},"13":{"start":{"line":27,"column":6},"end":{"line":27,"column":null}},"14":{"start":{"line":32,"column":4},"end":{"line":32,"column":null}},"15":{"start":{"line":34,"column":4},"end":{"line":34,"column":null}},"16":{"start":{"line":10,"column":21},"end":{"line":36,"column":null}},"17":{"start":{"line":10,"column":21},"end":{"line":10,"column":null}}},"fnMap":{"0":{"name":"(anonymous_9)","decl":{"start":{"line":10,"column":15},"end":{"line":10,"column":21}},"loc":{"start":{"line":10,"column":15},"end":{"line":36,"column":1}}},"1":{"name":"(anonymous_10)","decl":{"start":{"line":13,"column":8},"end":{"line":13,"column":14}},"loc":{"start":{"line":13,"column":31},"end":{"line":19,"column":null}}},"2":{"name":"(anonymous_12)","decl":{"start":{"line":21,"column":8},"end":{"line":21,"column":12}},"loc":{"start":{"line":21,"column":24},"end":{"line":29,"column":null}}},"3":{"name":"(anonymous_14)","decl":{"start":{"line":31,"column":8},"end":{"line":31,"column":18}},"loc":{"start":{"line":31,"column":30},"end":{"line":35,"column":null}}}},"branchMap":{"0":{"loc":{"start":{"line":24,"column":4},"end":{"line":28,"column":null}},"type":"if","locations":[{"start":{"line":24,"column":4},"end":{"line":28,"column":null}},{"start":{"line":26,"column":11},"end":{"line":28,"column":null}}]}},"s":{"0":5,"1":5,"2":5,"3":5,"4":5,"5":5,"6":0,"7":0,"8":0,"9":0,"10":0,"11":0,"12":0,"13":0,"14":0,"15":0,"16":5,"17":5},"f":{"0":0,"1":0,"2":0,"3":0},"b":{"0":[0,0]}}
,"D:\\Notes\\Developer Road\\ProgramasDeveloper Road\\BackEnd I\\BackEnd-JalaUniversity\\snake 12-12-2022\\src\\infrastructure\\database\\snake-data-access.ts": {"path":"D:\\Notes\\Developer Road\\ProgramasDeveloper Road\\BackEnd I\\BackEnd-JalaUniversity\\snake 12-12-2022\\src\\infrastructure\\database\\snake-data-access.ts","statementMap":{"0":{"start":{"line":1,"column":0},"end":{"line":1,"column":43}},"1":{"start":{"line":2,"column":0},"end":{"line":2,"column":38}},"2":{"start":{"line":3,"column":0},"end":{"line":3,"column":25}},"3":{"start":{"line":5,"column":0},"end":{"line":5,"column":40}},"4":{"start":{"line":6,"column":0},"end":{"line":6,"column":46}},"5":{"start":{"line":10,"column":15},"end":{"line":68,"column":null}},"6":{"start":{"line":11,"column":12},"end":{"line":11,"column":null}},"7":{"start":{"line":14,"column":4},"end":{"line":14,"column":null}},"8":{"start":{"line":16,"column":20},"end":{"line":16,"column":54}},"9":{"start":{"line":18,"column":4},"end":{"line":18,"column":null}},"10":{"start":{"line":22,"column":23},"end":{"line":22,"column":62}},"11":{"start":{"line":24,"column":4},"end":{"line":28,"column":null}},"12":{"start":{"line":25,"column":6},"end":{"line":25,"column":null}},"13":{"start":{"line":27,"column":6},"end":{"line":27,"column":null}},"14":{"start":{"line":32,"column":29},"end":{"line":38,"column":6}},"15":{"start":{"line":40,"column":4},"end":{"line":44,"column":null}},"16":{"start":{"line":41,"column":6},"end":{"line":41,"column":null}},"17":{"start":{"line":43,"column":6},"end":{"line":43,"column":null}},"18":{"start":{"line":48,"column":4},"end":{"line":54,"column":null}},"19":{"start":{"line":49,"column":6},"end":{"line":49,"column":null}},"20":{"start":{"line":51,"column":6},"end":{"line":51,"column":null}},"21":{"start":{"line":53,"column":6},"end":{"line":53,"column":null}},"22":{"start":{"line":58,"column":22},"end":{"line":58,"column":41}},"23":{"start":{"line":60,"column":4},"end":{"line":66,"column":null}},"24":{"start":{"line":61,"column":6},"end":{"line":61,"column":null}},"25":{"start":{"line":63,"column":6},"end":{"line":63,"column":null}},"26":{"start":{"line":65,"column":6},"end":{"line":65,"column":null}},"27":{"start":{"line":10,"column":21},"end":{"line":68,"column":null}},"28":{"start":{"line":10,"column":21},"end":{"line":10,"column":null}}},"fnMap":{"0":{"name":"(anonymous_9)","decl":{"start":{"line":10,"column":15},"end":{"line":10,"column":21}},"loc":{"start":{"line":10,"column":15},"end":{"line":68,"column":1}}},"1":{"name":"(anonymous_10)","decl":{"start":{"line":13,"column":8},"end":{"line":13,"column":14}},"loc":{"start":{"line":13,"column":33},"end":{"line":19,"column":null}}},"2":{"name":"(anonymous_12)","decl":{"start":{"line":21,"column":8},"end":{"line":21,"column":12}},"loc":{"start":{"line":21,"column":24},"end":{"line":29,"column":null}}},"3":{"name":"(anonymous_14)","decl":{"start":{"line":31,"column":8},"end":{"line":31,"column":22}},"loc":{"start":{"line":31,"column":22},"end":{"line":45,"column":null}}},"4":{"name":"(anonymous_16)","decl":{"start":{"line":47,"column":8},"end":{"line":47,"column":14}},"loc":{"start":{"line":47,"column":33},"end":{"line":55,"column":null}}},"5":{"name":"(anonymous_18)","decl":{"start":{"line":57,"column":8},"end":{"line":57,"column":14}},"loc":{"start":{"line":57,"column":26},"end":{"line":67,"column":null}}}},"branchMap":{"0":{"loc":{"start":{"line":24,"column":4},"end":{"line":28,"column":null}},"type":"if","locations":[{"start":{"line":24,"column":4},"end":{"line":28,"column":null}},{"start":{"line":26,"column":11},"end":{"line":28,"column":null}}]},"1":{"loc":{"start":{"line":40,"column":4},"end":{"line":44,"column":null}},"type":"if","locations":[{"start":{"line":40,"column":4},"end":{"line":44,"column":null}},{"start":{"line":42,"column":11},"end":{"line":44,"column":null}}]},"2":{"loc":{"start":{"line":48,"column":4},"end":{"line":54,"column":null}},"type":"if","locations":[{"start":{"line":48,"column":4},"end":{"line":54,"column":null}},{"start":{"line":52,"column":11},"end":{"line":54,"column":null}}]},"3":{"loc":{"start":{"line":60,"column":4},"end":{"line":66,"column":null}},"type":"if","locations":[{"start":{"line":60,"column":4},"end":{"line":66,"column":null}},{"start":{"line":64,"column":11},"end":{"line":66,"column":null}}]}},"s":{"0":5,"1":5,"2":5,"3":5,"4":5,"5":5,"6":0,"7":0,"8":0,"9":0,"10":0,"11":0,"12":0,"13":0,"14":0,"15":0,"16":0,"17":0,"18":0,"19":0,"20":0,"21":0,"22":0,"23":0,"24":0,"25":0,"26":0,"27":5,"28":5},"f":{"0":0,"1":0,"2":0,"3":0,"4":0,"5":0},"b":{"0":[0,0],"1":[0,0],"2":[0,0],"3":[0,0]}}
,"D:\\Notes\\Developer Road\\ProgramasDeveloper Road\\BackEnd I\\BackEnd-JalaUniversity\\snake 12-12-2022\\src\\infrastructure\\database\\entities\\dbBoard.ts": {"path":"D:\\Notes\\Developer Road\\ProgramasDeveloper Road\\BackEnd I\\BackEnd-JalaUniversity\\snake 12-12-2022\\src\\infrastructure\\database\\entities\\dbBoard.ts","statementMap":{"0":{"start":{"line":1,"column":0},"end":{"line":1,"column":55}},"1":{"start":{"line":5,"column":15},"end":{"line":14,"column":null}},"2":{"start":{"line":6,"column":4},"end":{"line":7,"column":null}},"3":{"start":{"line":9,"column":4},"end":{"line":10,"column":null}},"4":{"start":{"line":12,"column":4},"end":{"line":13,"column":null}},"5":{"start":{"line":5,"column":21},"end":{"line":14,"column":null}},"6":{"start":{"line":5,"column":21},"end":{"line":5,"column":null}}},"fnMap":{},"branchMap":{},"s":{"0":5,"1":5,"2":5,"3":5,"4":5,"5":5,"6":5},"f":{},"b":{}}
,"D:\\Notes\\Developer Road\\ProgramasDeveloper Road\\BackEnd I\\BackEnd-JalaUniversity\\snake 12-12-2022\\src\\infrastructure\\database\\entities\\dbBox.ts": {"path":"D:\\Notes\\Developer Road\\ProgramasDeveloper Road\\BackEnd I\\BackEnd-JalaUniversity\\snake 12-12-2022\\src\\infrastructure\\database\\entities\\dbBox.ts","statementMap":{"0":{"start":{"line":1,"column":0},"end":{"line":1,"column":55}},"1":{"start":{"line":6,"column":15},"end":{"line":21,"column":null}},"2":{"start":{"line":7,"column":4},"end":{"line":8,"column":null}},"3":{"start":{"line":10,"column":4},"end":{"line":11,"column":null}},"4":{"start":{"line":13,"column":4},"end":{"line":14,"column":null}},"5":{"start":{"line":16,"column":4},"end":{"line":17,"column":null}},"6":{"start":{"line":19,"column":4},"end":{"line":20,"column":null}},"7":{"start":{"line":6,"column":21},"end":{"line":21,"column":null}},"8":{"start":{"line":6,"column":21},"end":{"line":6,"column":null}}},"fnMap":{},"branchMap":{},"s":{"0":5,"1":5,"2":5,"3":5,"4":5,"5":5,"6":5,"7":5,"8":5},"f":{},"b":{}}
,"D:\\Notes\\Developer Road\\ProgramasDeveloper Road\\BackEnd I\\BackEnd-JalaUniversity\\snake 12-12-2022\\src\\infrastructure\\database\\entities\\dbGame.ts": {"path":"D:\\Notes\\Developer Road\\ProgramasDeveloper Road\\BackEnd I\\BackEnd-JalaUniversity\\snake 12-12-2022\\src\\infrastructure\\database\\entities\\dbGame.ts","statementMap":{"0":{"start":{"line":1,"column":0},"end":{"line":1,"column":55}},"1":{"start":{"line":6,"column":15},"end":{"line":24,"column":null}},"2":{"start":{"line":7,"column":4},"end":{"line":8,"column":null}},"3":{"start":{"line":10,"column":4},"end":{"line":11,"column":null}},"4":{"start":{"line":13,"column":4},"end":{"line":14,"column":null}},"5":{"start":{"line":16,"column":4},"end":{"line":17,"column":null}},"6":{"start":{"line":19,"column":4},"end":{"line":20,"column":null}},"7":{"start":{"line":22,"column":4},"end":{"line":23,"column":null}},"8":{"start":{"line":6,"column":21},"end":{"line":24,"column":null}},"9":{"start":{"line":6,"column":21},"end":{"line":6,"column":null}}},"fnMap":{},"branchMap":{},"s":{"0":5,"1":5,"2":5,"3":5,"4":5,"5":5,"6":5,"7":5,"8":5,"9":5},"f":{},"b":{}}
,"D:\\Notes\\Developer Road\\ProgramasDeveloper Road\\BackEnd I\\BackEnd-JalaUniversity\\snake 12-12-2022\\src\\infrastructure\\database\\entities\\dbSnake.ts": {"path":"D:\\Notes\\Developer Road\\ProgramasDeveloper Road\\BackEnd I\\BackEnd-JalaUniversity\\snake 12-12-2022\\src\\infrastructure\\database\\entities\\dbSnake.ts","statementMap":{"0":{"start":{"line":1,"column":0},"end":{"line":1,"column":55}},"1":{"start":{"line":6,"column":15},"end":{"line":27,"column":null}},"2":{"start":{"line":7,"column":4},"end":{"line":8,"column":null}},"3":{"start":{"line":10,"column":4},"end":{"line":11,"column":null}},"4":{"start":{"line":13,"column":4},"end":{"line":14,"column":null}},"5":{"start":{"line":16,"column":4},"end":{"line":17,"column":null}},"6":{"start":{"line":19,"column":4},"end":{"line":20,"column":null}},"7":{"start":{"line":22,"column":4},"end":{"line":23,"column":null}},"8":{"start":{"line":25,"column":4},"end":{"line":26,"column":null}},"9":{"start":{"line":6,"column":21},"end":{"line":27,"column":null}},"10":{"start":{"line":6,"column":21},"end":{"line":6,"column":null}}},"fnMap":{},"branchMap":{},"s":{"0":5,"1":5,"2":5,"3":5,"4":5,"5":5,"6":5,"7":5,"8":5,"9":5,"10":5},"f":{},"b":{}}
,"D:\\Notes\\Developer Road\\ProgramasDeveloper Road\\BackEnd I\\BackEnd-JalaUniversity\\snake 12-12-2022\\src\\infrastructure\\inversify\\inversify.config.ts": {"path":"D:\\Notes\\Developer Road\\ProgramasDeveloper Road\\BackEnd I\\BackEnd-JalaUniversity\\snake 12-12-2022\\src\\infrastructure\\inversify\\inversify.config.ts","statementMap":{"0":{"start":{"line":1,"column":0},"end":{"line":1,"column":37}},"1":{"start":{"line":2,"column":0},"end":{"line":2,"column":25}},"2":{"start":{"line":3,"column":0},"end":{"line":3,"column":53}},"3":{"start":{"line":5,"column":0},"end":{"line":5,"column":56}},"4":{"start":{"line":6,"column":0},"end":{"line":6,"column":53}},"5":{"start":{"line":7,"column":0},"end":{"line":7,"column":56}},"6":{"start":{"line":10,"column":0},"end":{"line":10,"column":81}},"7":{"start":{"line":12,"column":0},"end":{"line":12,"column":80}},"8":{"start":{"line":15,"column":0},"end":{"line":15,"column":49}},"9":{"start":{"line":18,"column":0},"end":{"line":18,"column":76}},"10":{"start":{"line":20,"column":0},"end":{"line":20,"column":51}},"11":{"start":{"line":22,"column":0},"end":{"line":22,"column":78}},"12":{"start":{"line":24,"column":0},"end":{"line":24,"column":51}},"13":{"start":{"line":26,"column":0},"end":{"line":26,"column":54}},"14":{"start":{"line":27,"column":0},"end":{"line":27,"column":56}},"15":{"start":{"line":29,"column":18},"end":{"line":29,"column":33}},"16":{"start":{"line":48,"column":9},"end":{"line":48,"column":18}},"17":{"start":{"line":31,"column":0},"end":{"line":31,"column":null}},"18":{"start":{"line":32,"column":0},"end":{"line":32,"column":null}},"19":{"start":{"line":33,"column":0},"end":{"line":33,"column":null}},"20":{"start":{"line":35,"column":0},"end":{"line":35,"column":null}},"21":{"start":{"line":36,"column":0},"end":{"line":36,"column":null}},"22":{"start":{"line":37,"column":0},"end":{"line":37,"column":null}},"23":{"start":{"line":39,"column":0},"end":{"line":39,"column":null}},"24":{"start":{"line":40,"column":0},"end":{"line":40,"column":null}},"25":{"start":{"line":41,"column":0},"end":{"line":41,"column":null}},"26":{"start":{"line":43,"column":0},"end":{"line":43,"column":null}},"27":{"start":{"line":44,"column":0},"end":{"line":44,"column":null}},"28":{"start":{"line":45,"column":0},"end":{"line":45,"column":null}},"29":{"start":{"line":46,"column":0},"end":{"line":46,"column":null}}},"fnMap":{},"branchMap":{},"s":{"0":5,"1":5,"2":5,"3":5,"4":5,"5":5,"6":5,"7":5,"8":5,"9":5,"10":5,"11":5,"12":5,"13":5,"14":5,"15":5,"16":5,"17":5,"18":5,"19":5,"20":5,"21":5,"22":5,"23":5,"24":5,"25":5,"26":5,"27":5,"28":5,"29":5},"f":{},"b":{}}
,"D:\\Notes\\Developer Road\\ProgramasDeveloper Road\\BackEnd I\\BackEnd-JalaUniversity\\snake 12-12-2022\\src\\infrastructure\\utils\\movingDirection.ts": {"path":"D:\\Notes\\Developer Road\\ProgramasDeveloper Road\\BackEnd I\\BackEnd-JalaUniversity\\snake 12-12-2022\\src\\infrastructure\\utils\\movingDirection.ts","statementMap":{"0":{"start":{"line":4,"column":33},"end":{"line":23,"column":1}},"1":{"start":{"line":5,"column":30},"end":{"line":5,"column":50}},"2":{"start":{"line":6,"column":19},"end":{"line":6,"column":20}},"3":{"start":{"line":8,"column":2},"end":{"line":21,"column":null}},"4":{"start":{"line":10,"column":6},"end":{"line":10,"column":null}},"5":{"start":{"line":11,"column":6},"end":{"line":11,"column":11}},"6":{"start":{"line":13,"column":6},"end":{"line":13,"column":null}},"7":{"start":{"line":14,"column":6},"end":{"line":14,"column":11}},"8":{"start":{"line":16,"column":6},"end":{"line":16,"column":null}},"9":{"start":{"line":17,"column":6},"end":{"line":17,"column":11}},"10":{"start":{"line":19,"column":6},"end":{"line":19,"column":null}},"11":{"start":{"line":20,"column":6},"end":{"line":20,"column":11}},"12":{"start":{"line":22,"column":2},"end":{"line":22,"column":null}},"13":{"start":{"line":4,"column":13},"end":{"line":4,"column":33}}},"fnMap":{"0":{"name":"(anonymous_0)","decl":{"start":{"line":4,"column":33},"end":{"line":4,"column":34}},"loc":{"start":{"line":4,"column":85},"end":{"line":23,"column":1}}}},"branchMap":{"0":{"loc":{"start":{"line":8,"column":2},"end":{"line":21,"column":null}},"type":"switch","locations":[{"start":{"line":9,"column":4},"end":{"line":11,"column":11}},{"start":{"line":12,"column":4},"end":{"line":14,"column":11}},{"start":{"line":15,"column":4},"end":{"line":17,"column":11}},{"start":{"line":18,"column":4},"end":{"line":20,"column":11}}]},"1":{"loc":{"start":{"line":10,"column":26},"end":{"line":10,"column":97}},"type":"cond-expr","locations":[{"start":{"line":10,"column":65},"end":{"line":10,"column":73}},{"start":{"line":10,"column":76},"end":{"line":10,"column":97}}]},"2":{"loc":{"start":{"line":13,"column":26},"end":{"line":13,"column":97}},"type":"cond-expr","locations":[{"start":{"line":13,"column":58},"end":{"line":13,"column":73}},{"start":{"line":13,"column":76},"end":{"line":13,"column":97}}]},"3":{"loc":{"start":{"line":16,"column":26},"end":{"line":16,"column":97}},"type":"cond-expr","locations":[{"start":{"line":16,"column":58},"end":{"line":16,"column":73}},{"start":{"line":16,"column":76},"end":{"line":16,"column":97}}]},"4":{"loc":{"start":{"line":19,"column":26},"end":{"line":19,"column":97}},"type":"cond-expr","locations":[{"start":{"line":19,"column":65},"end":{"line":19,"column":73}},{"start":{"line":19,"column":76},"end":{"line":19,"column":97}}]}},"s":{"0":6,"1":7,"2":7,"3":7,"4":2,"5":2,"6":1,"7":1,"8":2,"9":2,"10":2,"11":2,"12":7,"13":6},"f":{"0":7},"b":{"0":[2,1,2,2],"1":[1,1],"2":[0,1],"3":[1,1],"4":[1,1]}}
,"D:\\Notes\\Developer Road\\ProgramasDeveloper Road\\BackEnd I\\BackEnd-JalaUniversity\\snake 12-12-2022\\src\\infrastructure\\utils\\returnForId.ts": {"path":"D:\\Notes\\Developer Road\\ProgramasDeveloper Road\\BackEnd I\\BackEnd-JalaUniversity\\snake 12-12-2022\\src\\infrastructure\\utils\\returnForId.ts","statementMap":{"0":{"start":{"line":8,"column":16},"end":{"line":8,"column":52}},"1":{"start":{"line":9,"column":23},"end":{"line":9,"column":66}},"2":{"start":{"line":10,"column":2},"end":{"line":10,"column":null}},"3":{"start":{"line":7,"column":0},"end":{"line":7,"column":30}}},"fnMap":{"0":{"name":"returnForId","decl":{"start":{"line":7,"column":30},"end":{"line":7,"column":41}},"loc":{"start":{"line":7,"column":100},"end":{"line":11,"column":null}}}},"branchMap":{},"s":{"0":6,"1":6,"2":6,"3":5},"f":{"0":6},"b":{}}
,"D:\\Notes\\Developer Road\\ProgramasDeveloper Road\\BackEnd I\\BackEnd-JalaUniversity\\snake 12-12-2022\\src\\services\\board-services.ts": {"path":"D:\\Notes\\Developer Road\\ProgramasDeveloper Road\\BackEnd I\\BackEnd-JalaUniversity\\snake 12-12-2022\\src\\services\\board-services.ts","statementMap":{"0":{"start":{"line":3,"column":0},"end":{"line":3,"column":46}},"1":{"start":{"line":4,"column":0},"end":{"line":4,"column":25}},"2":{"start":{"line":5,"column":0},"end":{"line":5,"column":44}},"3":{"start":{"line":9,"column":15},"end":{"line":33,"column":null}},"4":{"start":{"line":13,"column":4},"end":{"line":13,"column":null}},"5":{"start":{"line":17,"column":17},"end":{"line":17,"column":26}},"6":{"start":{"line":19,"column":18},"end":{"line":19,"column":29}},"7":{"start":{"line":20,"column":4},"end":{"line":20,"column":null}},"8":{"start":{"line":21,"column":4},"end":{"line":21,"column":null}},"9":{"start":{"line":23,"column":4},"end":{"line":23,"column":null}},"10":{"start":{"line":27,"column":4},"end":{"line":27,"column":null}},"11":{"start":{"line":31,"column":4},"end":{"line":31,"column":null}},"12":{"start":{"line":9,"column":21},"end":{"line":33,"column":null}},"13":{"start":{"line":9,"column":21},"end":{"line":9,"column":null}}},"fnMap":{"0":{"name":"(anonymous_12)","decl":{"start":{"line":12,"column":2},"end":{"line":12,"column":16}},"loc":{"start":{"line":12,"column":59},"end":{"line":14,"column":3}}},"1":{"name":"(anonymous_13)","decl":{"start":{"line":16,"column":8},"end":{"line":16,"column":14}},"loc":{"start":{"line":16,"column":33},"end":{"line":24,"column":null}}},"2":{"name":"(anonymous_15)","decl":{"start":{"line":26,"column":8},"end":{"line":26,"column":12}},"loc":{"start":{"line":26,"column":24},"end":{"line":28,"column":null}}},"3":{"name":"(anonymous_17)","decl":{"start":{"line":30,"column":8},"end":{"line":30,"column":14}},"loc":{"start":{"line":30,"column":26},"end":{"line":32,"column":null}}}},"branchMap":{},"s":{"0":6,"1":6,"2":6,"3":6,"4":2,"5":2,"6":2,"7":2,"8":2,"9":2,"10":6,"11":1,"12":6,"13":6},"f":{"0":2,"1":2,"2":6,"3":1},"b":{}}
,"D:\\Notes\\Developer Road\\ProgramasDeveloper Road\\BackEnd I\\BackEnd-JalaUniversity\\snake 12-12-2022\\src\\services\\box-service.ts": {"path":"D:\\Notes\\Developer Road\\ProgramasDeveloper Road\\BackEnd I\\BackEnd-JalaUniversity\\snake 12-12-2022\\src\\services\\box-service.ts","statementMap":{"0":{"start":{"line":1,"column":0},"end":{"line":1,"column":25}},"1":{"start":{"line":2,"column":0},"end":{"line":2,"column":46}},"2":{"start":{"line":3,"column":0},"end":{"line":3,"column":58}},"3":{"start":{"line":5,"column":0},"end":{"line":5,"column":40}},"4":{"start":{"line":10,"column":15},"end":{"line":43,"column":null}},"5":{"start":{"line":13,"column":4},"end":{"line":13,"column":null}},"6":{"start":{"line":17,"column":25},"end":{"line":17,"column":26}},"7":{"start":{"line":18,"column":14},"end":{"line":18,"column":40}},"8":{"start":{"line":19,"column":14},"end":{"line":19,"column":40}},"9":{"start":{"line":20,"column":35},"end":{"line":20,"column":41}},"10":{"start":{"line":22,"column":20},"end":{"line":22,"column":29}},"11":{"start":{"line":23,"column":4},"end":{"line":23,"column":null}},"12":{"start":{"line":24,"column":4},"end":{"line":24,"column":null}},"13":{"start":{"line":25,"column":4},"end":{"line":25,"column":null}},"14":{"start":{"line":26,"column":4},"end":{"line":26,"column":null}},"15":{"start":{"line":28,"column":4},"end":{"line":28,"column":null}},"16":{"start":{"line":32,"column":4},"end":{"line":32,"column":null}},"17":{"start":{"line":36,"column":35},"end":{"line":36,"column":42}},"18":{"start":{"line":37,"column":21},"end":{"line":37,"column":48}},"19":{"start":{"line":38,"column":4},"end":{"line":38,"column":null}},"20":{"start":{"line":39,"column":4},"end":{"line":39,"column":null}},"21":{"start":{"line":40,"column":4},"end":{"line":40,"column":null}},"22":{"start":{"line":41,"column":4},"end":{"line":41,"column":null}},"23":{"start":{"line":10,"column":21},"end":{"line":43,"column":null}},"24":{"start":{"line":10,"column":21},"end":{"line":10,"column":null}}},"fnMap":{"0":{"name":"(anonymous_12)","decl":{"start":{"line":12,"column":2},"end":{"line":12,"column":16}},"loc":{"start":{"line":12,"column":58},"end":{"line":14,"column":3}}},"1":{"name":"(anonymous_13)","decl":{"start":{"line":16,"column":8},"end":{"line":16,"column":14}},"loc":{"start":{"line":16,"column":34},"end":{"line":29,"column":null}}},"2":{"name":"(anonymous_15)","decl":{"start":{"line":31,"column":8},"end":{"line":31,"column":12}},"loc":{"start":{"line":31,"column":24},"end":{"line":33,"column":null}}},"3":{"name":"(anonymous_17)","decl":{"start":{"line":35,"column":8},"end":{"line":35,"column":20}},"loc":{"start":{"line":35,"column":50},"end":{"line":42,"column":null}}}},"branchMap":{},"s":{"0":6,"1":6,"2":6,"3":6,"4":6,"5":4,"6":5,"7":5,"8":5,"9":5,"10":5,"11":5,"12":5,"13":5,"14":5,"15":5,"16":11,"17":4,"18":4,"19":4,"20":4,"21":4,"22":4,"23":6,"24":6},"f":{"0":4,"1":5,"2":11,"3":4},"b":{}}
,"D:\\Notes\\Developer Road\\ProgramasDeveloper Road\\BackEnd I\\BackEnd-JalaUniversity\\snake 12-12-2022\\src\\services\\game-services.ts": {"path":"D:\\Notes\\Developer Road\\ProgramasDeveloper Road\\BackEnd I\\BackEnd-JalaUniversity\\snake 12-12-2022\\src\\services\\game-services.ts","statementMap":{"0":{"start":{"line":1,"column":0},"end":{"line":1,"column":25}},"1":{"start":{"line":2,"column":0},"end":{"line":2,"column":46}},"2":{"start":{"line":4,"column":0},"end":{"line":4,"column":42}},"3":{"start":{"line":7,"column":0},"end":{"line":7,"column":48}},"4":{"start":{"line":8,"column":0},"end":{"line":8,"column":43}},"5":{"start":{"line":17,"column":15},"end":{"line":169,"column":null}},"6":{"start":{"line":29,"column":4},"end":{"line":29,"column":null}},"7":{"start":{"line":30,"column":4},"end":{"line":30,"column":null}},"8":{"start":{"line":31,"column":4},"end":{"line":31,"column":null}},"9":{"start":{"line":32,"column":4},"end":{"line":32,"column":null}},"10":{"start":{"line":33,"column":4},"end":{"line":33,"column":null}},"11":{"start":{"line":37,"column":32},"end":{"line":37,"column":73}},"12":{"start":{"line":38,"column":31},"end":{"line":38,"column":70}},"13":{"start":{"line":39,"column":39},"end":{"line":39,"column":55}},"14":{"start":{"line":40,"column":27},"end":{"line":40,"column":45}},"15":{"start":{"line":41,"column":29},"end":{"line":41,"column":31}},"16":{"start":{"line":43,"column":4},"end":{"line":47,"column":null}},"17":{"start":{"line":43,"column":17},"end":{"line":43,"column":18}},"18":{"start":{"line":44,"column":23},"end":{"line":44,"column":83}},"19":{"start":{"line":46,"column":6},"end":{"line":46,"column":null}},"20":{"start":{"line":49,"column":20},"end":{"line":49,"column":30}},"21":{"start":{"line":50,"column":4},"end":{"line":50,"column":null}},"22":{"start":{"line":51,"column":4},"end":{"line":51,"column":null}},"23":{"start":{"line":52,"column":4},"end":{"line":52,"column":null}},"24":{"start":{"line":53,"column":4},"end":{"line":53,"column":null}},"25":{"start":{"line":54,"column":4},"end":{"line":54,"column":null}},"26":{"start":{"line":56,"column":4},"end":{"line":56,"column":null}},"27":{"start":{"line":60,"column":4},"end":{"line":60,"column":null}},"28":{"start":{"line":64,"column":27},"end":{"line":64,"column":46}},"29":{"start":{"line":65,"column":22},"end":{"line":65,"column":46}},"30":{"start":{"line":66,"column":20},"end":{"line":66,"column":42}},"31":{"start":{"line":67,"column":19},"end":{"line":67,"column":40}},"32":{"start":{"line":68,"column":30},"end":{"line":68,"column":64}},"33":{"start":{"line":70,"column":31},"end":{"line":70,"column":68}},"34":{"start":{"line":71,"column":30},"end":{"line":71,"column":64}},"35":{"start":{"line":72,"column":26},"end":{"line":72,"column":80}},"36":{"start":{"line":74,"column":26},"end":{"line":74,"column":95}},"37":{"start":{"line":75,"column":28},"end":{"line":75,"column":81}},"38":{"start":{"line":77,"column":4},"end":{"line":80,"column":null}},"39":{"start":{"line":78,"column":6},"end":{"line":78,"column":null}},"40":{"start":{"line":79,"column":6},"end":{"line":79,"column":null}},"41":{"start":{"line":81,"column":4},"end":{"line":81,"column":null}},"42":{"start":{"line":81,"column":52},"end":{"line":81,"column":null}},"43":{"start":{"line":83,"column":4},"end":{"line":88,"column":null}},"44":{"start":{"line":92,"column":29},"end":{"line":92,"column":64}},"45":{"start":{"line":94,"column":4},"end":{"line":94,"column":null}},"46":{"start":{"line":96,"column":4},"end":{"line":96,"column":null}},"47":{"start":{"line":100,"column":29},"end":{"line":100,"column":64}},"48":{"start":{"line":102,"column":25},"end":{"line":102,"column":98}},"49":{"start":{"line":103,"column":28},"end":{"line":103,"column":112}},"50":{"start":{"line":104,"column":30},"end":{"line":104,"column":121}},"51":{"start":{"line":105,"column":35},"end":{"line":105,"column":124}},"52":{"start":{"line":107,"column":4},"end":{"line":107,"column":null}},"53":{"start":{"line":111,"column":22},"end":{"line":111,"column":45}},"54":{"start":{"line":113,"column":22},"end":{"line":113,"column":80}},"55":{"start":{"line":114,"column":20},"end":{"line":114,"column":59}},"56":{"start":{"line":116,"column":23},"end":{"line":116,"column":32}},"57":{"start":{"line":117,"column":4},"end":{"line":117,"column":null}},"58":{"start":{"line":118,"column":4},"end":{"line":118,"column":null}},"59":{"start":{"line":120,"column":4},"end":{"line":120,"column":null}},"60":{"start":{"line":124,"column":22},"end":{"line":124,"column":45}},"61":{"start":{"line":125,"column":4},"end":{"line":125,"column":null}},"62":{"start":{"line":127,"column":4},"end":{"line":127,"column":null}},"63":{"start":{"line":131,"column":22},"end":{"line":131,"column":45}},"64":{"start":{"line":132,"column":4},"end":{"line":132,"column":null}},"65":{"start":{"line":134,"column":4},"end":{"line":134,"column":null}},"66":{"start":{"line":138,"column":27},"end":{"line":138,"column":50}},"67":{"start":{"line":139,"column":22},"end":{"line":139,"column":46}},"68":{"start":{"line":140,"column":4},"end":{"line":140,"column":null}},"69":{"start":{"line":142,"column":28},"end":{"line":150,"column":null}},"70":{"start":{"line":142,"column":39},"end":{"line":150,"column":null}},"71":{"start":{"line":143,"column":28},"end":{"line":143,"column":76}},"72":{"start":{"line":144,"column":24},"end":{"line":144,"column":47}},"73":{"start":{"line":145,"column":39},"end":{"line":145,"column":46}},"74":{"start":{"line":146,"column":6},"end":{"line":146,"column":null}},"75":{"start":{"line":147,"column":6},"end":{"line":149,"column":null}},"76":{"start":{"line":148,"column":8},"end":{"line":148,"column":null}},"77":{"start":{"line":152,"column":29},"end":{"line":152,"column":68}},"78":{"start":{"line":153,"column":4},"end":{"line":153,"column":null}},"79":{"start":{"line":157,"column":29},"end":{"line":157,"column":68}},"80":{"start":{"line":158,"column":21},"end":{"line":158,"column":44}},"81":{"start":{"line":159,"column":19},"end":{"line":159,"column":46}},"82":{"start":{"line":161,"column":4},"end":{"line":163,"column":null}},"83":{"start":{"line":161,"column":35},"end":{"line":163,"column":6}},"84":{"start":{"line":162,"column":6},"end":{"line":162,"column":null}},"85":{"start":{"line":164,"column":4},"end":{"line":164,"column":null}},"86":{"start":{"line":165,"column":4},"end":{"line":165,"column":null}},"87":{"start":{"line":167,"column":4},"end":{"line":167,"column":null}},"88":{"start":{"line":17,"column":21},"end":{"line":169,"column":null}},"89":{"start":{"line":17,"column":21},"end":{"line":17,"column":null}}},"fnMap":{"0":{"name":"(anonymous_12)","decl":{"start":{"line":24,"column":2},"end":{"line":24,"column":16}},"loc":{"start":{"line":28,"column":55},"end":{"line":34,"column":3}}},"1":{"name":"(anonymous_13)","decl":{"start":{"line":36,"column":8},"end":{"line":36,"column":14}},"loc":{"start":{"line":36,"column":63},"end":{"line":57,"column":null}}},"2":{"name":"(anonymous_15)","decl":{"start":{"line":59,"column":8},"end":{"line":59,"column":12}},"loc":{"start":{"line":59,"column":24},"end":{"line":61,"column":null}}},"3":{"name":"(anonymous_17)","decl":{"start":{"line":63,"column":8},"end":{"line":63,"column":28}},"loc":{"start":{"line":63,"column":40},"end":{"line":89,"column":null}}},"4":{"name":"(anonymous_19)","decl":{"start":{"line":91,"column":8},"end":{"line":91,"column":37}},"loc":{"start":{"line":91,"column":49},"end":{"line":97,"column":null}}},"5":{"name":"(anonymous_21)","decl":{"start":{"line":99,"column":8},"end":{"line":99,"column":32}},"loc":{"start":{"line":99,"column":44},"end":{"line":108,"column":null}}},"6":{"name":"(anonymous_23)","decl":{"start":{"line":110,"column":8},"end":{"line":110,"column":24}},"loc":{"start":{"line":110,"column":40},"end":{"line":121,"column":null}}},"7":{"name":"(anonymous_25)","decl":{"start":{"line":123,"column":8},"end":{"line":123,"column":24}},"loc":{"start":{"line":123,"column":40},"end":{"line":128,"column":null}}},"8":{"name":"(anonymous_27)","decl":{"start":{"line":130,"column":8},"end":{"line":130,"column":22}},"loc":{"start":{"line":130,"column":38},"end":{"line":135,"column":null}}},"9":{"name":"(anonymous_29)","decl":{"start":{"line":137,"column":8},"end":{"line":137,"column":29}},"loc":{"start":{"line":137,"column":45},"end":{"line":154,"column":null}}},"10":{"name":"(anonymous_31)","decl":{"start":{"line":142,"column":28},"end":{"line":142,"column":37}},"loc":{"start":{"line":142,"column":39},"end":{"line":150,"column":null}}},"11":{"name":"(anonymous_32)","decl":{"start":{"line":142,"column":39},"end":{"line":142,"column":null}},"loc":{"start":{"line":142,"column":39},"end":{"line":150,"column":5}}},"12":{"name":"(anonymous_33)","decl":{"start":{"line":156,"column":8},"end":{"line":156,"column":17}},"loc":{"start":{"line":156,"column":33},"end":{"line":168,"column":null}}},"13":{"name":"(anonymous_35)","decl":{"start":{"line":161,"column":19},"end":{"line":161,"column":26}},"loc":{"start":{"line":161,"column":35},"end":{"line":163,"column":6}}},"14":{"name":"(anonymous_36)","decl":{"start":{"line":161,"column":35},"end":{"line":161,"column":null}},"loc":{"start":{"line":161,"column":35},"end":{"line":163,"column":5}}}},"branchMap":{"0":{"loc":{"start":{"line":46,"column":27},"end":{"line":46,"column":94}},"type":"cond-expr","locations":[{"start":{"line":46,"column":37},"end":{"line":46,"column":53}},{"start":{"line":46,"column":56},"end":{"line":46,"column":94}}]},"1":{"loc":{"start":{"line":77,"column":4},"end":{"line":80,"column":null}},"type":"if","locations":[{"start":{"line":77,"column":4},"end":{"line":80,"column":null}}]},"2":{"loc":{"start":{"line":81,"column":4},"end":{"line":81,"column":null}},"type":"if","locations":[{"start":{"line":81,"column":4},"end":{"line":81,"column":null}}]},"3":{"loc":{"start":{"line":81,"column":8},"end":{"line":81,"column":50}},"type":"binary-expr","locations":[{"start":{"line":81,"column":8},"end":{"line":81,"column":23}},{"start":{"line":81,"column":27},"end":{"line":81,"column":50}}]},"4":{"loc":{"start":{"line":147,"column":6},"end":{"line":149,"column":null}},"type":"if","locations":[{"start":{"line":147,"column":6},"end":{"line":149,"column":null}}]}},"s":{"0":5,"1":5,"2":5,"3":5,"4":5,"5":5,"6":1,"7":1,"8":1,"9":1,"10":1,"11":1,"12":1,"13":1,"14":1,"15":1,"16":1,"17":1,"18":1,"19":1,"20":1,"21":1,"22":1,"23":1,"24":1,"25":1,"26":1,"27":9,"28":2,"29":2,"30":2,"31":2,"32":2,"33":2,"34":2,"35":2,"36":2,"37":2,"38":2,"39":2,"40":2,"41":2,"42":0,"43":2,"44":0,"45":0,"46":0,"47":0,"48":0,"49":0,"50":0,"51":0,"52":0,"53":3,"54":3,"55":3,"56":3,"57":3,"58":3,"59":3,"60":1,"61":1,"62":1,"63":1,"64":1,"65":1,"66":0,"67":0,"68":0,"69":0,"70":0,"71":0,"72":0,"73":0,"74":0,"75":0,"76":0,"77":0,"78":0,"79":1,"80":1,"81":1,"82":1,"83":1,"84":1,"85":1,"86":1,"87":1,"88":5,"89":5},"f":{"0":1,"1":1,"2":9,"3":2,"4":0,"5":0,"6":3,"7":1,"8":1,"9":0,"10":0,"11":0,"12":1,"13":1,"14":1},"b":{"0":[1,0],"1":[2],"2":[0],"3":[2,2],"4":[0]}}
,"D:\\Notes\\Developer Road\\ProgramasDeveloper Road\\BackEnd I\\BackEnd-JalaUniversity\\snake 12-12-2022\\src\\services\\gameDisplay.ts": {"path":"D:\\Notes\\Developer Road\\ProgramasDeveloper Road\\BackEnd I\\BackEnd-JalaUniversity\\snake 12-12-2022\\src\\services\\gameDisplay.ts","statementMap":{"0":{"start":{"line":5,"column":0},"end":{"line":5,"column":72}},"1":{"start":{"line":9,"column":22},"end":{"line":9,"column":28}},"2":{"start":{"line":10,"column":18},"end":{"line":10,"column":20}},"3":{"start":{"line":12,"column":4},"end":{"line":18,"column":null}},"4":{"start":{"line":12,"column":17},"end":{"line":12,"column":18}},"5":{"start":{"line":13,"column":19},"end":{"line":13,"column":21}},"6":{"start":{"line":14,"column":6},"end":{"line":16,"column":null}},"7":{"start":{"line":14,"column":19},"end":{"line":14,"column":20}},"8":{"start":{"line":15,"column":8},"end":{"line":15,"column":null}},"9":{"start":{"line":17,"column":6},"end":{"line":17,"column":null}},"10":{"start":{"line":20,"column":4},"end":{"line":20,"column":null}},"11":{"start":{"line":24,"column":25},"end":{"line":24,"column":26}},"12":{"start":{"line":26,"column":19},"end":{"line":26,"column":49}},"13":{"start":{"line":27,"column":19},"end":{"line":27,"column":49}},"14":{"start":{"line":28,"column":4},"end":{"line":28,"column":null}},"15":{"start":{"line":30,"column":4},"end":{"line":30,"column":null}},"16":{"start":{"line":34,"column":4},"end":{"line":39,"column":null}},"17":{"start":{"line":34,"column":17},"end":{"line":34,"column":18}},"18":{"start":{"line":35,"column":21},"end":{"line":35,"column":52}},"19":{"start":{"line":36,"column":21},"end":{"line":36,"column":41}},"20":{"start":{"line":38,"column":6},"end":{"line":38,"column":null}},"21":{"start":{"line":40,"column":4},"end":{"line":40,"column":null}},"22":{"start":{"line":44,"column":23},"end":{"line":44,"column":63}},"23":{"start":{"line":45,"column":30},"end":{"line":45,"column":31}},"24":{"start":{"line":47,"column":4},"end":{"line":61,"column":null}},"25":{"start":{"line":47,"column":17},"end":{"line":47,"column":18}},"26":{"start":{"line":48,"column":27},"end":{"line":48,"column":57}},"27":{"start":{"line":50,"column":6},"end":{"line":60,"column":null}},"28":{"start":{"line":51,"column":8},"end":{"line":59,"column":null}},"29":{"start":{"line":51,"column":21},"end":{"line":51,"column":22}},"30":{"start":{"line":52,"column":25},"end":{"line":52,"column":50}},"31":{"start":{"line":53,"column":23},"end":{"line":53,"column":52}},"32":{"start":{"line":55,"column":25},"end":{"line":55,"column":51}},"33":{"start":{"line":56,"column":25},"end":{"line":56,"column":56}},"34":{"start":{"line":58,"column":10},"end":{"line":58,"column":null}},"35":{"start":{"line":62,"column":4},"end":{"line":62,"column":null}},"36":{"start":{"line":7,"column":0},"end":{"line":7,"column":21}}},"fnMap":{"0":{"name":"(anonymous_7)","decl":{"start":{"line":8,"column":2},"end":{"line":8,"column":8}},"loc":{"start":{"line":8,"column":51},"end":{"line":21,"column":null}}},"1":{"name":"(anonymous_9)","decl":{"start":{"line":23,"column":2},"end":{"line":23,"column":8}},"loc":{"start":{"line":23,"column":63},"end":{"line":31,"column":null}}},"2":{"name":"(anonymous_11)","decl":{"start":{"line":33,"column":2},"end":{"line":33,"column":8}},"loc":{"start":{"line":33,"column":67},"end":{"line":41,"column":null}}},"3":{"name":"(anonymous_13)","decl":{"start":{"line":43,"column":2},"end":{"line":43,"column":8}},"loc":{"start":{"line":43,"column":63},"end":{"line":63,"column":null}}}},"branchMap":{"0":{"loc":{"start":{"line":50,"column":6},"end":{"line":60,"column":null}},"type":"if","locations":[{"start":{"line":50,"column":6},"end":{"line":60,"column":null}}]}},"s":{"0":5,"1":0,"2":0,"3":0,"4":0,"5":0,"6":0,"7":0,"8":0,"9":0,"10":0,"11":0,"12":0,"13":0,"14":0,"15":0,"16":0,"17":0,"18":0,"19":0,"20":0,"21":0,"22":0,"23":0,"24":0,"25":0,"26":0,"27":0,"28":0,"29":0,"30":0,"31":0,"32":0,"33":0,"34":0,"35":0,"36":5},"f":{"0":0,"1":0,"2":0,"3":0},"b":{"0":[0]}}
,"D:\\Notes\\Developer Road\\ProgramasDeveloper Road\\BackEnd I\\BackEnd-JalaUniversity\\snake 12-12-2022\\src\\services\\gameMechanics.ts": {"path":"D:\\Notes\\Developer Road\\ProgramasDeveloper Road\\BackEnd I\\BackEnd-JalaUniversity\\snake 12-12-2022\\src\\services\\gameMechanics.ts","statementMap":{"0":{"start":{"line":5,"column":0},"end":{"line":5,"column":46}},"1":{"start":{"line":8,"column":15},"end":{"line":90,"column":null}},"2":{"start":{"line":14,"column":4},"end":{"line":14,"column":null}},"3":{"start":{"line":15,"column":4},"end":{"line":15,"column":null}},"4":{"start":{"line":19,"column":28},"end":{"line":19,"column":30}},"5":{"start":{"line":21,"column":4},"end":{"line":24,"column":null}},"6":{"start":{"line":21,"column":17},"end":{"line":21,"column":18}},"7":{"start":{"line":22,"column":20},"end":{"line":22,"column":72}},"8":{"start":{"line":23,"column":6},"end":{"line":23,"column":null}},"9":{"start":{"line":25,"column":4},"end":{"line":25,"column":null}},"10":{"start":{"line":29,"column":23},"end":{"line":29,"column":49}},"11":{"start":{"line":31,"column":4},"end":{"line":49,"column":null}},"12":{"start":{"line":31,"column":17},"end":{"line":31,"column":18}},"13":{"start":{"line":32,"column":26},"end":{"line":32,"column":68}},"14":{"start":{"line":34,"column":6},"end":{"line":48,"column":null}},"15":{"start":{"line":35,"column":31},"end":{"line":35,"column":64}},"16":{"start":{"line":36,"column":38},"end":{"line":36,"column":49}},"17":{"start":{"line":38,"column":8},"end":{"line":43,"column":null}},"18":{"start":{"line":39,"column":38},"end":{"line":39,"column":89}},"19":{"start":{"line":40,"column":36},"end":{"line":40,"column":84}},"20":{"start":{"line":42,"column":10},"end":{"line":42,"column":null}},"21":{"start":{"line":45,"column":8},"end":{"line":45,"column":null}},"22":{"start":{"line":46,"column":8},"end":{"line":46,"column":null}},"23":{"start":{"line":47,"column":8},"end":{"line":47,"column":null}},"24":{"start":{"line":50,"column":4},"end":{"line":50,"column":null}},"25":{"start":{"line":54,"column":4},"end":{"line":56,"column":null}},"26":{"start":{"line":54,"column":38},"end":{"line":56,"column":6}},"27":{"start":{"line":55,"column":6},"end":{"line":55,"column":null}},"28":{"start":{"line":60,"column":4},"end":{"line":87,"column":null}},"29":{"start":{"line":60,"column":17},"end":{"line":60,"column":18}},"30":{"start":{"line":61,"column":26},"end":{"line":61,"column":76}},"31":{"start":{"line":63,"column":6},"end":{"line":77,"column":null}},"32":{"start":{"line":63,"column":19},"end":{"line":63,"column":20}},"33":{"start":{"line":64,"column":29},"end":{"line":64,"column":66}},"34":{"start":{"line":66,"column":8},"end":{"line":76,"column":null}},"35":{"start":{"line":67,"column":10},"end":{"line":75,"column":null}},"36":{"start":{"line":67,"column":23},"end":{"line":67,"column":24}},"37":{"start":{"line":68,"column":31},"end":{"line":68,"column":56}},"38":{"start":{"line":69,"column":29},"end":{"line":69,"column":68}},"39":{"start":{"line":70,"column":35},"end":{"line":70,"column":69}},"40":{"start":{"line":72,"column":12},"end":{"line":74,"column":null}},"41":{"start":{"line":73,"column":14},"end":{"line":73,"column":null}},"42":{"start":{"line":78,"column":6},"end":{"line":86,"column":null}},"43":{"start":{"line":78,"column":19},"end":{"line":78,"column":20}},"44":{"start":{"line":79,"column":8},"end":{"line":85,"column":null}},"45":{"start":{"line":80,"column":35},"end":{"line":80,"column":85}},"46":{"start":{"line":82,"column":10},"end":{"line":84,"column":null}},"47":{"start":{"line":83,"column":12},"end":{"line":83,"column":null}},"48":{"start":{"line":88,"column":4},"end":{"line":88,"column":null}},"49":{"start":{"line":8,"column":21},"end":{"line":90,"column":null}},"50":{"start":{"line":8,"column":21},"end":{"line":8,"column":null}}},"fnMap":{"0":{"name":"(anonymous_11)","decl":{"start":{"line":12,"column":2},"end":{"line":12,"column":16}},"loc":{"start":{"line":13,"column":46},"end":{"line":16,"column":3}}},"1":{"name":"(anonymous_12)","decl":{"start":{"line":18,"column":8},"end":{"line":18,"column":27}},"loc":{"start":{"line":18,"column":46},"end":{"line":26,"column":null}}},"2":{"name":"(anonymous_14)","decl":{"start":{"line":28,"column":8},"end":{"line":28,"column":18}},"loc":{"start":{"line":28,"column":48},"end":{"line":51,"column":null}}},"3":{"name":"(anonymous_16)","decl":{"start":{"line":53,"column":8},"end":{"line":53,"column":34}},"loc":{"start":{"line":53,"column":71},"end":{"line":57,"column":null}}},"4":{"name":"(anonymous_18)","decl":{"start":{"line":54,"column":22},"end":{"line":54,"column":29}},"loc":{"start":{"line":54,"column":38},"end":{"line":56,"column":6}}},"5":{"name":"(anonymous_19)","decl":{"start":{"line":54,"column":38},"end":{"line":54,"column":null}},"loc":{"start":{"line":54,"column":38},"end":{"line":56,"column":5}}},"6":{"name":"(anonymous_20)","decl":{"start":{"line":59,"column":8},"end":{"line":59,"column":21}},"loc":{"start":{"line":59,"column":45},"end":{"line":89,"column":null}}}},"branchMap":{"0":{"loc":{"start":{"line":34,"column":6},"end":{"line":48,"column":null}},"type":"if","locations":[{"start":{"line":34,"column":6},"end":{"line":48,"column":null}}]},"1":{"loc":{"start":{"line":34,"column":10},"end":{"line":34,"column":78}},"type":"binary-expr","locations":[{"start":{"line":34,"column":10},"end":{"line":34,"column":42}},{"start":{"line":34,"column":46},"end":{"line":34,"column":78}}]},"2":{"loc":{"start":{"line":38,"column":8},"end":{"line":43,"column":null}},"type":"if","locations":[{"start":{"line":38,"column":8},"end":{"line":43,"column":null}}]},"3":{"loc":{"start":{"line":66,"column":8},"end":{"line":76,"column":null}},"type":"if","locations":[{"start":{"line":66,"column":8},"end":{"line":76,"column":null}}]},"4":{"loc":{"start":{"line":72,"column":12},"end":{"line":74,"column":null}},"type":"if","locations":[{"start":{"line":72,"column":12},"end":{"line":74,"column":null}}]},"5":{"loc":{"start":{"line":72,"column":16},"end":{"line":72,"column":92}},"type":"binary-expr","locations":[{"start":{"line":72,"column":16},"end":{"line":72,"column":52}},{"start":{"line":72,"column":56},"end":{"line":72,"column":92}}]},"6":{"loc":{"start":{"line":79,"column":
[...]
,"D:\\Notes\\Developer Road\\ProgramasDeveloper Road\\BackEnd I\\BackEnd-JalaUniversity\\snake 12-12-2022\\src\\test\\services\\game-services\\_mocks_\\database\\game-data-accessMock.ts": {"path":"D:\\Notes\\Developer Road\\ProgramasDeveloper Road\\BackEnd I\\BackEnd-JalaUniversity\\snake 12-12-2022\\src\\test\\services\\game-services\\_mocks_\\database\\game-data-accessMock.ts","statementMap":{"0":{"start":{"line":1,"column":0},"end":{"line":1,"column":25}},"1":{"start":{"line":2,"column":0},"end":{"line":2,"column":38}},"2":{"start":{"line":3,"column":0},"end":{"line":3,"column":33}},"3":{"start":{"line":9,"column":7},"end":{"line":35,"column":null}},"4":{"start":{"line":15,"column":4},"end":{"line":15,"column":null}},"5":{"start":{"line":16,"column":4},"end":{"line":16,"column":null}},"6":{"start":{"line":17,"column":4},"end":{"line":17,"column":null}},"7":{"start":{"line":21,"column":4},"end":{"line":21,"column":null}},"8":{"start":{"line":22,"column":4},"end":{"line":22,"column":null}},"9":{"start":{"line":26,"column":4},"end":{"line":26,"column":null}},"10":{"start":{"line":27,"column":4},"end":{"line":27,"column":null}},"11":{"start":{"line":28,"column":4},"end":{"line":28,"column":null}},"12":{"start":{"line":32,"column":4},"end":{"line":32,"column":null}},"13":{"start":{"line":33,"column":4},"end":{"line":33,"column":null}},"14":{"start":{"line":9,"column":13},"end":{"line":35,"column":null}},"15":{"start":{"line":9,"column":13},"end":{"line":9,"column":25}}},"fnMap":{"0":{"name":"(anonymous_10)","decl":{"start":{"line":14,"column":2},"end":{"line":14,"column":null}},"loc":{"start":{"line":14,"column":2},"end":{"line":18,"column":3}}},"1":{"name":"(anonymous_11)","decl":{"start":{"line":20,"column":8},"end":{"line":20,"column":14}},"loc":{"start":{"line":20,"column":31},"end":{"line":23,"column":null}}},"2":{"name":"(anonymous_13)","decl":{"start":{"line":25,"column":8},"end":{"line":25,"column":12}},"loc":{"start":{"line":25,"column":24},"end":{"line":29,"column":null}}},"3":{"name":"(anonymous_15)","decl":{"start":{"line":31,"column":8},"end":{"line":31,"column":18}},"loc":{"start":{"line":31,"column":30},"end":{"line":34,"column":null}}}},"branchMap":{},"s":{"0":1,"1":1,"2":1,"3":1,"4":1,"5":1,"6":1,"7":1,"8":1,"9":9,"10":9,"11":9,"12":6,"13":6,"14":1,"15":1},"f":{"0":1,"1":1,"2":9,"3":6},"b":{}}
,"D:\\Notes\\Developer Road\\ProgramasDeveloper Road\\BackEnd I\\BackEnd-JalaUniversity\\snake 12-12-2022\\src\\test\\services\\game-services\\_mocks_\\database\\gameMock.ts": {"path":"D:\\Notes\\Developer Road\\ProgramasDeveloper Road\\BackEnd I\\BackEnd-JalaUniversity\\snake 12-12-2022\\src\\test\\services\\game-services\\_mocks_\\database\\gameMock.ts","statementMap":{"0":{"start":{"line":1,"column":0},"end":{"line":1,"column":54}},"1":{"start":{"line":3,"column":17},"end":{"line":3,"column":27}},"2":{"start":{"line":4,"column":0},"end":{"line":4,"column":null}},"3":{"start":{"line":5,"column":0},"end":{"line":5,"column":null}},"4":{"start":{"line":6,"column":0},"end":{"line":6,"column":null}},"5":{"start":{"line":7,"column":0},"end":{"line":7,"column":null}},"6":{"start":{"line":8,"column":0},"end":{"line":8,"column":null}},"7":{"start":{"line":9,"column":0},"end":{"line":9,"column":null}},"8":{"start":{"line":11,"column":0},"end":{"line":11,"column":null}}},"fnMap":{},"branchMap":{},"s":{"0":1,"1":1,"2":1,"3":1,"4":1,"5":1,"6":1,"7":1,"8":1},"f":{},"b":{}}
,"D:\\Notes\\Developer Road\\ProgramasDeveloper Road\\BackEnd I\\BackEnd-JalaUniversity\\snake 12-12-2022\\src\\test\\services\\game-services\\_mocks_\\database\\snake-data-accessMock.ts": {"path":"D:\\Notes\\Developer Road\\ProgramasDeveloper Road\\BackEnd I\\BackEnd-JalaUniversity\\snake 12-12-2022\\src\\test\\services\\game-services\\_mocks_\\database\\snake-data-accessMock.ts","statementMap":{"0":{"start":{"line":1,"column":0},"end":{"line":1,"column":25}},"1":{"start":{"line":2,"column":0},"end":{"line":2,"column":38}},"2":{"start":{"line":3,"column":0},"end":{"line":3,"column":39}},"3":{"start":{"line":9,"column":7},"end":{"line":49,"column":null}},"4":{"start":{"line":17,"column":4},"end":{"line":17,"column":null}},"5":{"start":{"line":18,"column":4},"end":{"line":18,"column":null}},"6":{"start":{"line":19,"column":4},"end":{"line":19,"column":null}},"7":{"start":{"line":20,"column":4},"end":{"line":20,"column":null}},"8":{"start":{"line":21,"column":4},"end":{"line":21,"column":null}},"9":{"start":{"line":25,"column":4},"end":{"line":25,"column":null}},"10":{"start":{"line":26,"column":4},"end":{"line":26,"column":null}},"11":{"start":{"line":30,"column":4},"end":{"line":30,"column":null}},"12":{"start":{"line":31,"column":4},"end":{"line":31,"column":null}},"13":{"start":{"line":32,"column":4},"end":{"line":32,"column":null}},"14":{"start":{"line":36,"column":4},"end":{"line":36,"column":null}},"15":{"start":{"line":37,"column":4},"end":{"line":37,"column":null}},"16":{"start":{"line":41,"column":4},"end":{"line":41,"column":null}},"17":{"start":{"line":42,"column":4},"end":{"line":42,"column":null}},"18":{"start":{"line":46,"column":4},"end":{"line":46,"column":null}},"19":{"start":{"line":47,"column":4},"end":{"line":47,"column":null}},"20":{"start":{"line":9,"column":13},"end":{"line":49,"column":null}},"21":{"start":{"line":9,"column":13},"end":{"line":9,"column":26}}},"fnMap":{"0":{"name":"(anonymous_9)","decl":{"start":{"line":16,"column":2},"end":{"line":16,"column":null}},"loc":{"start":{"line":16,"column":2},"end":{"line":22,"column":3}}},"1":{"name":"(anonymous_10)","decl":{"start":{"line":24,"column":8},"end":{"line":24,"column":14}},"loc":{"start":{"line":24,"column":33},"end":{"line":27,"column":null}}},"2":{"name":"(anonymous_12)","decl":{"start":{"line":29,"column":8},"end":{"line":29,"column":12}},"loc":{"start":{"line":29,"column":24},"end":{"line":33,"column":null}}},"3":{"name":"(anonymous_14)","decl":{"start":{"line":35,"column":8},"end":{"line":35,"column":22}},"loc":{"start":{"line":35,"column":22},"end":{"line":38,"column":null}}},"4":{"name":"(anonymous_16)","decl":{"start":{"line":40,"column":8},"end":{"line":40,"column":14}},"loc":{"start":{"line":40,"column":28},"end":{"line":43,"column":null}}},"5":{"name":"(anonymous_18)","decl":{"start":{"line":45,"column":8},"end":{"line":45,"column":14}},"loc":{"start":{"line":45,"column":26},"end":{"line":48,"column":null}}}},"branchMap":{},"s":{"0":1,"1":1,"2":1,"3":1,"4":2,"5":2,"6":2,"7":2,"8":2,"9":1,"10":1,"11":5,"12":5,"13":5,"14":0,"15":0,"16":3,"17":3,"18":0,"19":0,"20":1,"21":1},"f":{"0":2,"1":1,"2":5,"3":0,"4":3,"5":0},"b":{}}
,"D:\\Notes\\Developer Road\\ProgramasDeveloper Road\\BackEnd I\\BackEnd-JalaUniversity\\snake 12-12-2022\\src\\test\\services\\game-services\\_mocks_\\database\\snakeMock.ts": {"path":"D:\\Notes\\Developer Road\\ProgramasDeveloper Road\\BackEnd I\\BackEnd-JalaUniversity\\snake 12-12-2022\\src\\test\\services\\game-services\\_mocks_\\database\\snakeMock.ts","statementMap":{"0":{"start":{"line":1,"column":0},"end":{"line":1,"column":56}},"1":{"start":{"line":3,"column":18},"end":{"line":3,"column":29}},"2":{"start":{"line":12,"column":9},"end":{"line":12,"column":18}},"3":{"start":{"line":4,"column":0},"end":{"line":4,"column":null}},"4":{"start":{"line":5,"column":0},"end":{"line":5,"column":null}},"5":{"start":{"line":6,"column":0},"end":{"line":6,"column":null}},"6":{"start":{"line":7,"column":0},"end":{"line":7,"column":null}},"7":{"start":{"line":8,"column":0},"end":{"line":8,"column":null}},"8":{"start":{"line":9,"column":0},"end":{"line":9,"column":null}},"9":{"start":{"line":10,"column":0},"end":{"line":10,"column":null}}},"fnMap":{},"branchMap":{},"s":{"0":1,"1":1,"2":1,"3":1,"4":1,"5":1,"6":1,"7":1,"8":1,"9":1},"f":{},"b":{}}
,"D:\\Notes\\Developer Road\\ProgramasDeveloper Road\\BackEnd I\\BackEnd-JalaUniversity\\snake 12-12-2022\\src\\test\\services\\gameMechanics\\database\\box-data-accessMock.ts": {"path":"D:\\Notes\\Developer Road\\ProgramasDeveloper Road\\BackEnd I\\BackEnd-JalaUniversity\\snake 12-12-2022\\src\\test\\services\\gameMechanics\\database\\box-data-accessMock.ts","statementMap":{"0":{"start":{"line":1,"column":0},"end":{"line":1,"column":25}},"1":{"start":{"line":2,"column":0},"end":{"line":2,"column":38}},"2":{"start":{"line":5,"column":0},"end":{"line":5,"column":31}},"3":{"start":{"line":9,"column":7},"end":{"line":35,"column":null}},"4":{"start":{"line":15,"column":4},"end":{"line":15,"column":null}},"5":{"start":{"line":16,"column":4},"end":{"line":16,"column":null}},"6":{"start":{"line":17,"column":4},"end":{"line":17,"column":null}},"7":{"start":{"line":21,"column":4},"end":{"line":21,"column":null}},"8":{"start":{"line":22,"column":18},"end":{"line":22,"column":32}},"9":{"start":{"line":23,"column":4},"end":{"line":23,"column":null}},"10":{"start":{"line":27,"column":4},"end":{"line":27,"column":null}},"11":{"start":{"line":28,"column":4},"end":{"line":28,"column":null}},"12":{"start":{"line":32,"column":4},"end":{"line":32,"column":null}},"13":{"start":{"line":33,"column":4},"end":{"line":33,"column":null}},"14":{"start":{"line":9,"column":13},"end":{"line":35,"column":null}},"15":{"start":{"line":9,"column":13},"end":{"line":9,"column":24}}},"fnMap":{"0":{"name":"(anonymous_10)","decl":{"start":{"line":14,"column":2},"end":{"line":14,"column":null}},"loc":{"start":{"line":14,"column":2},"end":{"line":18,"column":3}}},"1":{"name":"(anonymous_11)","decl":{"start":{"line":20,"column":8},"end":{"line":20,"column":14}},"loc":{"start":{"line":20,"column":33},"end":{"line":24,"column":null}}},"2":{"name":"(anonymous_13)","decl":{"start":{"line":26,"column":8},"end":{"line":26,"column":12}},"loc":{"start":{"line":26,"column":24},"end":{"line":29,"column":null}}},"3":{"name":"(anonymous_15)","decl":{"start":{"line":31,"column":8},"end":{"line":31,"column":14}},"loc":{"start":{"line":31,"column":24},"end":{"line":34,"column":null}}}},"branchMap":{},"s":{"0":1,"1":1,"2":1,"3":1,"4":1,"5":1,"6":1,"7":0,"8":0,"9":0,"10":6,"11":6,"12":1,"13":1,"14":1,"15":1},"f":{"0":1,"1":0,"2":6,"3":1},"b":{}}
,"D:\\Notes\\Developer Road\\ProgramasDeveloper Road\\BackEnd I\\BackEnd-JalaUniversity\\snake 12-12-2022\\src\\test\\services\\gameMechanics\\database\\boxMock.ts": {"path":"D:\\Notes\\Developer Road\\ProgramasDeveloper Road\\BackEnd I\\BackEnd-JalaUniversity\\snake 12-12-2022\\src\\test\\services\\gameMechanics\\database\\boxMock.ts","statementMap":{"0":{"start":{"line":1,"column":0},"end":{"line":1,"column":49}},"1":{"start":{"line":3,"column":16},"end":{"line":3,"column":25}},"2":{"start":{"line":4,"column":0},"end":{"line":4,"column":null}},"3":{"start":{"line":5,"column":0},"end":{"line":5,"column":null}},"4":{"start":{"line":6,"column":0},"end":{"line":6,"column":null}},"5":{"start":{"line":7,"column":0},"end":{"line":7,"column":null}},"6":{"start":{"line":8,"column":0},"end":{"line":8,"column":null}},"7":{"start":{"line":10,"column":0},"end":{"line":10,"column":null}}},"fnMap":{},"branchMap":{},"s":{"0":1,"1":1,"2":1,"3":1,"4":1,"5":1,"6":1,"7":1},"f":{},"b":{}}
,"D:\\Notes\\Developer Road\\ProgramasDeveloper Road\\BackEnd I\\BackEnd-JalaUniversity\\snake 12-12-2022\\src\\test\\services\\gameMechanics\\database\\snake-data-accessMock.ts": {"path":"D:\\Notes\\Developer Road\\ProgramasDeveloper Road\\BackEnd I\\BackEnd-JalaUniversity\\snake 12-12-2022\\src\\test\\services\\gameMechanics\\database\\snake-data-accessMock.ts","statementMap":{"0":{"start":{"line":1,"column":0},"end":{"line":1,"column":25}},"1":{"start":{"line":2,"column":0},"end":{"line":2,"column":38}},"2":{"start":{"line":4,"column":0},"end":{"line":4,"column":39}},"3":{"start":{"line":10,"column":7},"end":{"line":50,"column":null}},"4":{"start":{"line":18,"column":4},"end":{"line":18,"column":null}},"5":{"start":{"line":19,"column":4},"end":{"line":19,"column":null}},"6":{"start":{"line":20,"column":4},"end":{"line":20,"column":null}},"7":{"start":{"line":21,"column":4},"end":{"line":21,"column":null}},"8":{"start":{"line":22,"column":4},"end":{"line":22,"column":null}},"9":{"start":{"line":26,"column":4},"end":{"line":26,"column":null}},"10":{"start":{"line":27,"column":4},"end":{"line":27,"column":null}},"11":{"start":{"line":31,"column":4},"end":{"line":31,"column":null}},"12":{"start":{"line":32,"column":4},"end":{"line":32,"column":null}},"13":{"start":{"line":33,"column":4},"end":{"line":33,"column":null}},"14":{"start":{"line":37,"column":4},"end":{"line":37,"column":null}},"15":{"start":{"line":38,"column":4},"end":{"line":38,"column":null}},"16":{"start":{"line":42,"column":4},"end":{"line":42,"column":null}},"17":{"start":{"line":43,"column":4},"end":{"line":43,"column":null}},"18":{"start":{"line":47,"column":4},"end":{"line":47,"column":null}},"19":{"start":{"line":48,"column":4},"end":{"line":48,"column":null}},"20":{"start":{"line":10,"column":13},"end":{"line":50,"column":null}},"21":{"start":{"line":10,"column":13},"end":{"line":10,"column":26}}},"fnMap":{"0":{"name":"(anonymous_9)","decl":{"start":{"line":17,"column":2},"end":{"line":17,"column":null}},"loc":{"start":{"line":17,"column":2},"end":{"line":23,"column":3}}},"1":{"name":"(anonymous_10)","decl":{"start":{"line":25,"column":8},"end":{"line":25,"column":14}},"loc":{"start":{"line":25,"column":33},"end":{"line":28,"column":null}}},"2":{"name":"(anonymous_12)","decl":{"start":{"line":30,"column":8},"end":{"line":30,"column":12}},"loc":{"start":{"line":30,"column":24},"end":{"line":34,"column":null}}},"3":{"name":"(anonymous_14)","decl":{"start":{"line":36,"column":8},"end":{"line":36,"column":22}},"loc":{"start":{"line":36,"column":22},"end":{"line":39,"column":null}}},"4":{"name":"(anonymous_16)","decl":{"start":{"line":41,"column":8},"end":{"line":41,"column":14}},"loc":{"start":{"line":41,"column":28},"end":{"line":44,"column":null}}},"5":{"name":"(anonymous_18)","decl":{"start":{"line":46,"column":8},"end":{"line":46,"column":14}},"loc":{"start":{"line":46,"column":26},"end":{"line":49,"column":null}}}},"branchMap":{},"s":{"0":1,"1":1,"2":1,"3":1,"4":1,"5":1,"6":1,"7":1,"8":1,"9":0,"10":0,"11":7,"12":7,"13":7,"14":0,"15":0,"16":1,"17":1,"18":0,"19":0,"20":1,"21":1},"f":{"0":1,"1":0,"2":7,"3":0,"4":1,"5":0},"b":{}}
,"D:\\Notes\\Developer Road\\ProgramasDeveloper Road\\BackEnd I\\BackEnd-JalaUniversity\\snake 12-12-2022\\src\\test\\services\\gameMechanics\\database\\snakeMock.ts": {"path":"D:\\Notes\\Developer Road\\ProgramasDeveloper Road\\BackEnd I\\BackEnd-JalaUniversity\\snake 12-12-2022\\src\\test\\services\\gameMechanics\\database\\snakeMock.ts","statementMap":{"0":{"start":{"line":1,"column":0},"end":{"line":1,"column":53}},"1":{"start":{"line":3,"column":18},"end":{"line":3,"column":29}},"2":{"start":{"line":12,"column":9},"end":{"line":12,"column":18}},"3":{"start":{"line":4,"column":0},"end":{"line":4,"column":null}},"4":{"start":{"line":5,"column":0},"end":{"line":5,"column":null}},"5":{"start":{"line":6,"column":0},"end":{"line":6,"column":null}},"6":{"start":{"line":7,"column":0},"end":{"line":7,"column":null}},"7":{"start":{"line":8,"column":0},"end":{"line":8,"column":null}},"8":{"start":{"line":9,"column":0},"end":{"line":9,"column":null}},"9":{"start":{"line":10,"column":0},"end":{"line":10,"column":null}}},"fnMap":{},"branchMap":{},"s":{"0":1,"1":1,"2":1,"3":1,"4":1,"5":1,"6":1,"7":1,"8":1,"9":1},"f":{},"b":{}}
,"D:\\Notes\\Developer Road\\ProgramasDeveloper Road\\BackEnd I\\BackEnd-JalaUniversity\\snake 12-12-2022\\src\\test\\services\\snake-services\\_mocks_\\database\\snake-data-accessMock.ts": {"path":"D:\\Notes\\Developer Road\\ProgramasDeveloper Road\\BackEnd I\\BackEnd-JalaUniversity\\snake 12-12-2022\\src\\test\\services\\snake-services\\_mocks_\\database\\snake-data-accessMock.ts","statementMap":{"0":{"start":{"line":1,"column":0},"end":{"line":1,"column":25}},"1":{"start":{"line":2,"column":0},"end":{"line":2,"column":38}},"2":{"start":{"line":4,"column":0},"end":{"line":4,"column":39}},"3":{"start":{"line":10,"column":7},"end":{"line":50,"column":null}},"4":{"start":{"line":18,"column":4},"end":{"line":18,"column":null}},"5":{"start":{"line":19,"column":4},"end":{"line":19,"column":null}},"6":{"start":{"line":20,"column":4},"end":{"line":20,"column":null}},"7":{"start":{"line":21,"column":4},"end":{"line":21,"column":null}},"8":{"start":{"line":22,"column":4},"end":{"line":22,"column":null}},"9":{"start":{"line":26,"column":4},"end":{"line":26,"column":null}},"10":{"start":{"line":27,"column":4},"end":{"line":27,"column":null}},"11":{"start":{"line":31,"column":4},"end":{"line":31,"column":null}},"12":{"start":{"line":32,"column":4},"end":{"line":32,"column":null}},"13":{"start":{"line":33,"column":4},"end":{"line":33,"column":null}},"14":{"start":{"line":37,"column":4},"end":{"line":37,"column":null}},"15":{"start":{"line":38,"column":4},"end":{"line":38,"column":null}},"16":{"start":{"line":42,"column":4},"end":{"line":42,"column":null}},"17":{"start":{"line":43,"column":4},"end":{"line":43,"column":null}},"18":{"start":{"line":47,"column":4},"end":{"line":47,"column":null}},"19":{"start":{"line":48,"column":4},"end":{"line":48,"column":null}},"20":{"start":{"line":10,"column":13},"end":{"line":50,"column":null}},"21":{"start":{"line":10,"column":13},"end":{"line":10,"column":26}}},"fnMap":{"0":{"name":"(anonymous_9)","decl":{"start":{"line":17,"column":2},"end":{"line":17,"column":null}},"loc":{"start":{"line":17,"column":2},"end":{"line":23,"column":3}}},"1":{"name":"(anonymous_10)","decl":{"start":{"line":25,"column":8},"end":{"line":25,"column":14}},"loc":{"start":{"line":25,"column":33},"end":{"line":28,"column":null}}},"2":{"name":"(anonymous_12)","decl":{"start":{"line":30,"column":8},"end":{"line":30,"column":12}},"loc":{"start":{"line":30,"column":24},"end":{"line":34,"column":null}}},"3":{"name":"(anonymous_14)","decl":{"start":{"line":36,"column":8},"end":{"line":36,"column":22}},"loc":{"start":{"line":36,"column":22},"end":{"line":39,"column":null}}},"4":{"name":"(anonymous_16)","decl":{"start":{"line":41,"column":8},"end":{"line":41,"column":14}},"loc":{"start":{"line":41,"column":28},"end":{"line":44,"column":null}}},"5":{"name":"(anonymous_18)","decl":{"start":{"line":46,"column":8},"end":{"line":46,"column":14}},"loc":{"start":{"line":46,"column":26},"end":{"line":49,"column":null}}}},"branchMap":{},"s":{"0":1,"1":1,"2":1,"3":1,"4":1,"5":1,"6":1,"7":1,"8":1,"9":1,"10":1,"11":4,"12":4,"13":4,"14":1,"15":1,"16":3,"17":3,"18":1,"19":1,"20":1,"21":1},"f":{"0":1,"1":1,"2":4,"3":1,"4":3,"5":1},"b":{}}
,"D:\\Notes\\Developer Road\\ProgramasDeveloper Road\\BackEnd I\\BackEnd-JalaUniversity\\snake 12-12-2022\\src\\test\\services\\snake-services\\_mocks_\\database\\snakeMock.ts": {"path":"D:\\Notes\\Developer Road\\ProgramasDeveloper Road\\BackEnd I\\BackEnd-JalaUniversity\\snake 12-12-2022\\src\\test\\services\\snake-services\\_mocks_\\database\\snakeMock.ts","statementMap":{"0":{"start":{"line":1,"column":0},"end":{"line":1,"column":56}},"1":{"start":{"line":3,"column":18},"end":{"line":3,"column":29}},"2":{"start":{"line":12,"column":9},"end":{"line":12,"column":18}},"3":{"start":{"line":4,"column":0},"end":{"line":4,"column":null}},"4":{"start":{"line":5,"column":0},"end":{"line":5,"column":null}},"5":{"start":{"line":6,"column":0},"end":{"line":6,"column":null}},"6":{"start":{"line":7,"column":0},"end":{"line":7,"column":null}},"7":{"start":{"line":8,"column":0},"end":{"line":8,"column":null}},"8":{"start":{"line":9,"column":0},"end":{"line":9,"column":null}},"9":{"start":{"line":10,"column":0},"end":{"line":10,"column":null}}},"fnMap":{},"branchMap":{},"s":{"0":1,"1":1,"2":1,"3":1,"4":1,"5":1,"6":1,"7":1,"8":1,"9":1},"f":{},"b":{}}
}
