{"D:\\Notes\\Developer Road\\ProgramasDeveloper Road\\BackEnd I\\BackEnd-JalaUniversity\\snake 12-12-2022\\src\\domain\\entities\\box.ts": {"path":"D:\\Notes\\Developer Road\\ProgramasDeveloper Road\\BackEnd I\\BackEnd-JalaUniversity\\snake 12-12-2022\\src\\domain\\entities\\box.ts","statementMap":{"0":{"start":{"line":2,"column":0},"end":{"line":2,"column":33}},"1":{"start":{"line":4,"column":0},"end":{"line":4,"column":21}}},"fnMap":{},"branchMap":{},"s":{"0":1,"1":1},"f":{},"b":{}}
,"D:\\Notes\\Developer Road\\ProgramasDeveloper Road\\BackEnd I\\BackEnd-JalaUniversity\\snake 12-12-2022\\src\\domain\\entities\\position.ts": {"path":"D:\\Notes\\Developer Road\\ProgramasDeveloper Road\\BackEnd I\\BackEnd-JalaUniversity\\snake 12-12-2022\\src\\domain\\entities\\position.ts","statementMap":{"0":{"start":{"line":1,"column":0},"end":{"line":1,"column":21}}},"fnMap":{},"branchMap":{},"s":{"0":1},"f":{},"b":{}}
,"D:\\Notes\\Developer Road\\ProgramasDeveloper Road\\BackEnd I\\BackEnd-JalaUniversity\\snake 12-12-2022\\src\\infrastructure\\database\\box-data-access.ts": {"path":"D:\\Notes\\Developer Road\\ProgramasDeveloper Road\\BackEnd I\\BackEnd-JalaUniversity\\snake 12-12-2022\\src\\infrastructure\\database\\box-data-access.ts","statementMap":{"0":{"start":{"line":1,"column":0},"end":{"line":1,"column":43}},"1":{"start":{"line":2,"column":0},"end":{"line":2,"column":38}},"2":{"start":{"line":3,"column":0},"end":{"line":3,"column":25}},"3":{"start":{"line":8,"column":0},"end":{"line":8,"column":46}},"4":{"start":{"line":9,"column":0},"end":{"line":9,"column":36}},"5":{"start":{"line":12,"column":15},"end":{"line":70,"column":null}},"6":{"start":{"line":14,"column":23},"end":{"line":14,"column":57}},"7":{"start":{"line":15,"column":4},"end":{"line":15,"column":null}},"8":{"start":{"line":17,"column":20},"end":{"line":17,"column":49}},"9":{"start":{"line":19,"column":4},"end":{"line":19,"column":null}},"10":{"start":{"line":23,"column":23},"end":{"line":23,"column":57}},"11":{"start":{"line":24,"column":21},"end":{"line":24,"column":55}},"12":{"start":{"line":25,"column":4},"end":{"line":29,"column":null}},"13":{"start":{"line":26,"column":6},"end":{"line":26,"column":null}},"14":{"start":{"line":28,"column":6},"end":{"line":28,"column":null}},"15":{"start":{"line":46,"column":23},"end":{"line":46,"column":57}},"16":{"start":{"line":47,"column":21},"end":{"line":47,"column":55}},"17":{"start":{"line":48,"column":4},"end":{"line":56,"column":null}},"18":{"start":{"line":49,"column":6},"end":{"line":49,"column":null}},"19":{"start":{"line":50,"column":6},"end":{"line":50,"column":null}},"20":{"start":{"line":52,"column":6},"end":{"line":52,"column":null}},"21":{"start":{"line":53,"column":6},"end":{"line":53,"column":null}},"22":{"start":{"line":55,"column":6},"end":{"line":55,"column":null}},"23":{"start":{"line":12,"column":21},"end":{"line":70,"column":null}},"24":{"start":{"line":12,"column":21},"end":{"line":12,"column":null}}},"fnMap":{"0":{"name":"(anonymous_9)","decl":{"start":{"line":13,"column":8},"end":{"line":13,"column":14}},"loc":{"start":{"line":13,"column":33},"end":{"line":20,"column":null}}},"1":{"name":"(anonymous_11)","decl":{"start":{"line":22,"column":8},"end":{"line":22,"column":12}},"loc":{"start":{"line":22,"column":24},"end":{"line":30,"column":null}}},"2":{"name":"(anonymous_13)","decl":{"start":{"line":45,"column":8},"end":{"line":45,"column":20}},"loc":{"start":{"line":45,"column":50},"end":{"line":57,"column":null}}}},"branchMap":{"0":{"loc":{"start":{"line":25,"column":4},"end":{"line":29,"column":null}},"type":"if","locations":[{"start":{"line":25,"column":4},"end":{"line":29,"column":null}},{"start":{"line":27,"column":11},"end":{"line":29,"column":null}}]},"1":{"loc":{"start":{"line":48,"column":4},"end":{"line":56,"column":null}},"type":"if","locations":[{"start":{"line":48,"column":4},"end":{"line":56,"column":null}},{"start":{"line":54,"column":11},"end":{"line":56,"column":null}}]}},"s":{"0":1,"1":1,"2":1,"3":1,"4":1,"5":1,"6":1,"7":1,"8":1,"9":1,"10":2,"11":2,"12":2,"13":1,"14":1,"15":3,"16":3,"17":3,"18":2,"19":2,"20":2,"21":2,"22":1,"23":1,"24":1},"f":{"0":1,"1":2,"2":3},"b":{"0":[1,1],"1":[2,1]}}
,"D:\\Notes\\Developer Road\\ProgramasDeveloper Road\\BackEnd I\\BackEnd-JalaUniversity\\snake 12-12-2022\\src\\infrastructure\\database\\db-source.ts": {"path":"D:\\Notes\\Developer Road\\ProgramasDeveloper Road\\BackEnd I\\BackEnd-JalaUniversity\\snake 12-12-2022\\src\\infrastructure\\database\\db-source.ts","statementMap":{"0":{"start":{"line":1,"column":0},"end":{"line":1,"column":36}},"1":{"start":{"line":2,"column":0},"end":{"line":2,"column":40}},"2":{"start":{"line":3,"column":0},"end":{"line":3,"column":36}},"3":{"start":{"line":4,"column":0},"end":{"line":4,"column":46}},"4":{"start":{"line":5,"column":0},"end":{"line":5,"column":40}},"5":{"start":{"line":7,"column":13},"end":{"line":15,"column":null}}},"fnMap":{},"branchMap":{},"s":{"0":1,"1":1,"2":1,"3":1,"4":1,"5":1},"f":{},"b":{}}
,"D:\\Notes\\Developer Road\\ProgramasDeveloper Road\\BackEnd I\\BackEnd-JalaUniversity\\snake 12-12-2022\\src\\infrastructure\\database\\entities\\dbBoard.ts": {"path":"D:\\Notes\\Developer Road\\ProgramasDeveloper Road\\BackEnd I\\BackEnd-JalaUniversity\\snake 12-12-2022\\src\\infrastructure\\database\\entities\\dbBoard.ts","statementMap":{"0":{"start":{"line":1,"column":0},"end":{"line":1,"column":55}},"1":{"start":{"line":5,"column":15},"end":{"line":14,"column":null}},"2":{"start":{"line":6,"column":4},"end":{"line":7,"column":null}},"3":{"start":{"line":9,"column":4},"end":{"line":10,"column":null}},"4":{"start":{"line":12,"column":4},"end":{"line":13,"column":null}},"5":{"start":{"line":5,"column":21},"end":{"line":14,"column":null}},"6":{"start":{"line":5,"column":21},"end":{"line":5,"column":null}}},"fnMap":{},"branchMap":{},"s":{"0":1,"1":1,"2":1,"3":1,"4":1,"5":1,"6":1},"f":{},"b":{}}
,"D:\\Notes\\Developer Road\\ProgramasDeveloper Road\\BackEnd I\\BackEnd-JalaUniversity\\snake 12-12-2022\\src\\infrastructure\\database\\entities\\dbBox.ts": {"path":"D:\\Notes\\Developer Road\\ProgramasDeveloper Road\\BackEnd I\\BackEnd-JalaUniversity\\snake 12-12-2022\\src\\infrastructure\\database\\entities\\dbBox.ts","statementMap":{"0":{"start":{"line":1,"column":0},"end":{"line":1,"column":55}},"1":{"start":{"line":6,"column":15},"end":{"line":21,"column":null}},"2":{"start":{"line":7,"column":4},"end":{"line":8,"column":null}},"3":{"start":{"line":10,"column":4},"end":{"line":11,"column":null}},"4":{"start":{"line":13,"column":4},"end":{"line":14,"column":null}},"5":{"start":{"line":16,"column":4},"end":{"line":17,"column":null}},"6":{"start":{"line":19,"column":4},"end":{"line":20,"column":null}},"7":{"start":{"line":6,"column":21},"end":{"line":21,"column":null}},"8":{"start":{"line":6,"column":21},"end":{"line":6,"column":null}}},"fnMap":{},"branchMap":{},"s":{"0":1,"1":1,"2":1,"3":1,"4":1,"5":1,"6":1,"7":1,"8":1},"f":{},"b":{}}
,"D:\\Notes\\Developer Road\\ProgramasDeveloper Road\\BackEnd I\\BackEnd-JalaUniversity\\snake 12-12-2022\\src\\infrastructure\\database\\entities\\dbPosition.ts": {"path":"D:\\Notes\\Developer Road\\ProgramasDeveloper Road\\BackEnd I\\BackEnd-JalaUniversity\\snake 12-12-2022\\src\\infrastructure\\database\\entities\\dbPosition.ts","statementMap":{"0":{"start":{"line":2,"column":0},"end":{"line":2,"column":55}},"1":{"start":{"line":5,"column":15},"end":{"line":14,"column":null}},"2":{"start":{"line":6,"column":4},"end":{"line":7,"column":null}},"3":{"start":{"line":9,"column":4},"end":{"line":10,"column":null}},"4":{"start":{"line":12,"column":4},"end":{"line":13,"column":null}},"5":{"start":{"line":5,"column":21},"end":{"line":14,"column":null}},"6":{"start":{"line":5,"column":21},"end":{"line":5,"column":null}}},"fnMap":{},"branchMap":{},"s":{"0":1,"1":1,"2":1,"3":1,"4":1,"5":1,"6":1},"f":{},"b":{}}
,"D:\\Notes\\Developer Road\\ProgramasDeveloper Road\\BackEnd I\\BackEnd-JalaUniversity\\snake 12-12-2022\\src\\infrastructure\\database\\entities\\dbSnake.ts": {"path":"D:\\Notes\\Developer Road\\ProgramasDeveloper Road\\BackEnd I\\BackEnd-JalaUniversity\\snake 12-12-2022\\src\\infrastructure\\database\\entities\\dbSnake.ts","statementMap":{"0":{"start":{"line":1,"column":0},"end":{"line":1,"column":55}},"1":{"start":{"line":6,"column":15},"end":{"line":24,"column":null}},"2":{"start":{"line":7,"column":4},"end":{"line":8,"column":null}},"3":{"start":{"line":10,"column":4},"end":{"line":11,"column":null}},"4":{"start":{"line":13,"column":4},"end":{"line":14,"column":null}},"5":{"start":{"line":16,"column":4},"end":{"line":17,"column":null}},"6":{"start":{"line":19,"column":4},"end":{"line":20,"column":null}},"7":{"start":{"line":22,"column":4},"end":{"line":23,"column":null}},"8":{"start":{"line":6,"column":21},"end":{"line":24,"column":null}},"9":{"start":{"line":6,"column":21},"end":{"line":6,"column":null}}},"fnMap":{},"branchMap":{},"s":{"0":1,"1":1,"2":1,"3":1,"4":1,"5":1,"6":1,"7":1,"8":1,"9":1},"f":{},"b":{}}
,"D:\\Notes\\Developer Road\\ProgramasDeveloper Road\\BackEnd I\\BackEnd-JalaUniversity\\snake 12-12-2022\\src\\infrastructure\\utils\\returnForId.ts": {"path":"D:\\Notes\\Developer Road\\ProgramasDeveloper Road\\BackEnd I\\BackEnd-JalaUniversity\\snake 12-12-2022\\src\\infrastructure\\utils\\returnForId.ts","statementMap":{"0":{"start":{"line":7,"column":16},"end":{"line":7,"column":52}},"1":{"start":{"line":8,"column":23},"end":{"line":8,"column":66}},"2":{"start":{"line":9,"column":2},"end":{"line":9,"column":null}},"3":{"start":{"line":6,"column":0},"end":{"line":6,"column":30}}},"fnMap":{"0":{"name":"returnForId","decl":{"start":{"line":6,"column":30},"end":{"line":6,"column":41}},"loc":{"start":{"line":6,"column":91},"end":{"line":10,"column":null}}}},"branchMap":{},"s":{"0":1,"1":1,"2":1,"3":1},"f":{"0":1},"b":{}}
}
