TN:
SF:src\Presentation\Api\Controllers\boardController.ts
FN:8,(anonymous_8)
FN:11,(anonymous_9)
FN:21,(anonymous_11)
FN:32,(anonymous_13)
FNF:4
FNH:0
FNDA:0,(anonymous_8)
FNDA:0,(anonymous_9)
FNDA:0,(anonymous_11)
FNDA:0,(anonymous_13)
DA:2,5
DA:4,5
DA:8,5
DA:9,0
DA:12,0
DA:13,0
DA:14,0
DA:15,0
DA:17,0
DA:22,0
DA:23,0
DA:24,0
DA:26,0
DA:28,0
DA:33,0
DA:34,0
DA:35,0
DA:37,0
DA:39,0
LF:19
LH:3
BRDA:17,0,0,0
BRDA:28,1,0,0
BRDA:39,2,0,0
BRF:3
BRH:0
end_of_record
TN:
SF:src\Presentation\Api\Controllers\boxController.ts
FN:9,(anonymous_8)
FN:12,(anonymous_9)
FN:23,(anonymous_11)
FN:33,(anonymous_13)
FNF:4
FNH:0
FNDA:0,(anonymous_8)
FNDA:0,(anonymous_9)
FNDA:0,(anonymous_11)
FNDA:0,(anonymous_13)
DA:1,5
DA:3,5
DA:4,5
DA:9,5
DA:10,0
DA:13,0
DA:14,0
DA:16,0
DA:17,0
DA:19,0
DA:24,0
DA:25,0
DA:26,0
DA:27,0
DA:29,0
DA:34,0
DA:35,0
DA:36,0
DA:37,0
DA:38,0
DA:39,0
DA:41,0
LF:22
LH:4
BRDA:19,0,0,0
BRDA:29,1,0,0
BRDA:41,2,0,0
BRF:3
BRH:0
end_of_record
TN:
SF:src\Presentation\Api\Controllers\gameController.ts
FN:9,(anonymous_8)
FN:12,(anonymous_9)
FN:27,(anonymous_11)
FN:37,(anonymous_13)
FN:47,(anonymous_15)
FN:57,(anonymous_17)
FN:67,(anonymous_19)
FN:77,(anonymous_21)
FN:87,(anonymous_23)
FNF:9
FNH:0
FNDA:0,(anonymous_8)
FNDA:0,(anonymous_9)
FNDA:0,(anonymous_11)
FNDA:0,(anonymous_13)
FNDA:0,(anonymous_15)
FNDA:0,(anonymous_17)
FNDA:0,(anonymous_19)
FNDA:0,(anonymous_21)
FNDA:0,(anonymous_23)
DA:1,5
DA:3,5
DA:4,5
DA:9,5
DA:10,0
DA:13,0
DA:14,0
DA:15,0
DA:16,0
DA:17,0
DA:19,0
DA:20,0
DA:23,0
DA:28,0
DA:29,0
DA:30,0
DA:31,0
DA:33,0
DA:38,0
DA:39,0
DA:40,0
DA:41,0
DA:43,0
DA:48,0
DA:49,0
DA:50,0
DA:51,0
DA:53,0
DA:58,0
DA:59,0
DA:60,0
DA:61,0
DA:63,0
DA:68,0
DA:69,0
DA:70,0
DA:71,0
DA:73,0
DA:78,0
DA:79,0
DA:80,0
DA:81,0
DA:83,0
DA:88,0
DA:89,0
DA:90,0
DA:91,0
DA:93,0
LF:48
LH:4
BRDA:14,0,0,0
BRDA:14,1,0,0
BRDA:14,1,1,0
BRDA:14,1,2,0
BRDA:23,2,0,0
BRDA:33,3,0,0
BRDA:43,4,0,0
BRDA:53,5,0,0
BRDA:63,6,0,0
BRDA:73,7,0,0
BRDA:83,8,0,0
BRDA:93,9,0,0
BRF:12
BRH:0
end_of_record
TN:
SF:src\Presentation\Api\Controllers\snakecontroller.ts
FN:9,(anonymous_8)
FN:12,(anonymous_9)
FN:29,(anonymous_11)
FN:40,(anonymous_13)
FN:50,(anonymous_15)
FN:64,(anonymous_17)
FN:76,(anonymous_19)
FN:88,(anonymous_21)
FNF:8
FNH:0
FNDA:0,(anonymous_8)
FNDA:0,(anonymous_9)
FNDA:0,(anonymous_11)
FNDA:0,(anonymous_13)
FNDA:0,(anonymous_15)
FNDA:0,(anonymous_17)
FNDA:0,(anonymous_19)
FNDA:0,(anonymous_21)
DA:1,5
DA:3,5
DA:5,5
DA:9,5
DA:10,0
DA:13,0
DA:14,0
DA:15,0
DA:16,0
DA:18,0
DA:20,0
DA:22,0
DA:25,0
DA:30,0
DA:31,0
DA:32,0
DA:34,0
DA:36,0
DA:41,0
DA:42,0
DA:44,0
DA:46,0
DA:51,0
DA:52,0
DA:53,0
DA:54,0
DA:56,0
DA:57,0
DA:60,0
DA:65,0
DA:66,0
DA:67,0
DA:69,0
DA:70,0
DA:72,0
DA:77,0
DA:78,0
DA:79,0
DA:81,0
DA:82,0
DA:84,0
DA:89,0
DA:90,0
DA:92,0
DA:93,0
DA:95,0
LF:46
LH:4
BRDA:14,0,0,0
BRDA:14,0,1,0
BRDA:14,1,0,0
BRDA:14,1,1,0
BRDA:25,2,0,0
BRDA:36,3,0,0
BRDA:46,4,0,0
BRDA:52,5,0,0
BRDA:52,6,0,0
BRDA:52,6,1,0
BRDA:60,7,0,0
BRDA:72,8,0,0
BRDA:84,9,0,0
BRDA:95,10,0,0
BRF:14
BRH:0
end_of_record
TN:
SF:src\domain\entities\board.ts
FNF:0
FNH:0
DA:1,6
LF:1
LH:1
BRF:0
BRH:0
end_of_record
TN:
SF:src\domain\entities\box.ts
FNF:0
FNH:0
DA:2,6
DA:4,6
LF:2
LH:2
BRF:0
BRH:0
end_of_record
TN:
SF:src\domain\entities\game.ts
FNF:0
FNH:0
DA:3,5
LF:1
LH:1
BRF:0
BRH:0
end_of_record
TN:
SF:src\domain\entities\position.ts
FNF:0
FNH:0
DA:1,7
LF:1
LH:1
BRF:0
BRH:0
end_of_record
TN:
SF:src\domain\entities\snake.ts
FNF:0
FNH:0
DA:2,6
DA:4,6
LF:2
LH:2
BRF:0
BRH:0
end_of_record
TN:
SF:src\helpers\randomPosition.ts
FN:4,(anonymous_0)
FNF:1
FNH:1
FNDA:22,(anonymous_0)
DA:1,7
DA:2,7
DA:4,7
DA:5,22
DA:6,21
DA:7,21
DA:8,21
DA:9,21
DA:10,21
DA:12,21
DA:14,1
LF:11
LH:11
BRDA:5,0,0,21
BRDA:5,0,1,1
BRF:2
BRH:2
end_of_record
TN:
SF:src\helpers\translateToDirection.ts
FN:3,translateToDirection
FNF:1
FNH:1
FNDA:6,translateToDirection
DA:3,6
DA:4,6
DA:6,6
DA:8,2
DA:10,1
DA:12,1
DA:14,1
DA:16,1
LF:8
LH:8
BRDA:6,0,0,2
BRDA:6,0,1,1
BRDA:6,0,2,1
BRDA:6,0,3,1
BRDA:6,0,4,1
BRF:5
BRH:5
end_of_record
TN:
SF:src\infrastructure\database\board-data-access.ts
FN:9,(anonymous_9)
FN:12,(anonymous_10)
FN:23,(anonymous_12)
FN:33,(anonymous_14)
FNF:4
FNH:4
FNDA:1,(anonymous_9)
FNDA:3,(anonymous_10)
FNDA:2,(anonymous_12)
FNDA:2,(anonymous_14)
DA:1,5
DA:3,5
DA:4,5
DA:5,5
DA:6,5
DA:9,5
DA:10,1
DA:13,3
DA:14,3
DA:16,3
DA:17,3
DA:19,0
DA:24,2
DA:26,2
DA:27,1
DA:29,1
DA:34,2
DA:36,2
DA:37,1
DA:39,1
LF:20
LH:19
BRDA:16,0,0,3
BRDA:16,0,1,0
BRDA:26,1,0,1
BRDA:26,1,1,1
BRDA:36,2,0,1
BRDA:36,2,1,1
BRF:6
BRH:5
end_of_record
TN:
SF:src\infrastructure\database\box-data-access.ts
FN:10,(anonymous_9)
FN:13,(anonymous_10)
FN:24,(anonymous_12)
FN:34,(anonymous_14)
FNF:4
FNH:4
FNDA:1,(anonymous_9)
FNDA:3,(anonymous_10)
FNDA:3,(anonymous_12)
FNDA:1,(anonymous_14)
DA:1,5
DA:2,5
DA:3,5
DA:5,5
DA:6,5
DA:10,5
DA:11,1
DA:14,3
DA:16,3
DA:17,3
DA:18,3
DA:20,0
DA:25,3
DA:27,3
DA:28,2
DA:30,1
DA:35,1
DA:36,1
LF:18
LH:17
BRDA:17,0,0,3
BRDA:17,0,1,0
BRDA:27,1,0,2
BRDA:27,1,1,1
BRF:4
BRH:3
end_of_record
TN:
SF:src\infrastructure\database\db-source.ts
FNF:0
FNH:0
DA:1,5
DA:2,5
DA:3,5
DA:4,5
DA:5,5
DA:7,5
LF:6
LH:6
BRF:0
BRH:0
end_of_record
TN:
SF:src\infrastructure\database\game-data-access.ts
FN:10,(anonymous_9)
FN:13,(anonymous_10)
FN:21,(anonymous_12)
FN:31,(anonymous_14)
FNF:4
FNH:0
FNDA:0,(anonymous_9)
FNDA:0,(anonymous_10)
FNDA:0,(anonymous_12)
FNDA:0,(anonymous_14)
DA:1,5
DA:2,5
DA:3,5
DA:4,5
DA:5,5
DA:10,5
DA:11,0
DA:14,0
DA:16,0
DA:18,0
DA:22,0
DA:24,0
DA:25,0
DA:27,0
DA:32,0
DA:34,0
LF:16
LH:6
BRDA:24,0,0,0
BRDA:24,0,1,0
BRF:2
BRH:0
end_of_record
TN:
SF:src\infrastructure\database\snake-data-access.ts
FN:10,(anonymous_9)
FN:13,(anonymous_10)
FN:21,(anonymous_12)
FN:31,(anonymous_14)
FN:47,(anonymous_16)
FN:57,(anonymous_18)
FNF:6
FNH:0
FNDA:0,(anonymous_9)
FNDA:0,(anonymous_10)
FNDA:0,(anonymous_12)
FNDA:0,(anonymous_14)
FNDA:0,(anonymous_16)
FNDA:0,(anonymous_18)
DA:1,5
DA:2,5
DA:3,5
DA:5,5
DA:6,5
DA:10,5
DA:11,0
DA:14,0
DA:16,0
DA:18,0
DA:22,0
DA:24,0
DA:25,0
DA:27,0
DA:32,0
DA:40,0
DA:41,0
DA:43,0
DA:48,0
DA:49,0
DA:51,0
DA:53,0
DA:58,0
DA:60,0
DA:61,0
DA:63,0
DA:65,0
LF:27
LH:6
BRDA:24,0,0,0
BRDA:24,0,1,0
BRDA:40,1,0,0
BRDA:40,1,1,0
BRDA:48,2,0,0
BRDA:48,2,1,0
BRDA:60,3,0,0
BRDA:60,3,1,0
BRF:8
BRH:0
end_of_record
TN:
SF:src\infrastructure\database\entities\dbBoard.ts
FNF:0
FNH:0
DA:1,5
DA:5,5
DA:6,5
DA:9,5
DA:12,5
LF:5
LH:5
BRF:0
BRH:0
end_of_record
TN:
SF:src\infrastructure\database\entities\dbBox.ts
FNF:0
FNH:0
DA:1,5
DA:6,5
DA:7,5
DA:10,5
DA:13,5
DA:16,5
LF:6
LH:6
BRF:0
BRH:0
end_of_record
TN:
SF:src\infrastructure\database\entities\dbGame.ts
FNF:0
FNH:0
DA:1,5
DA:6,5
DA:7,5
DA:10,5
DA:13,5
DA:16,5
DA:19,5
DA:22,5
LF:8
LH:8
BRF:0
BRH:0
end_of_record
TN:
SF:src\infrastructure\database\entities\dbSnake.ts
FNF:0
FNH:0
DA:1,5
DA:6,5
DA:7,5
DA:10,5
DA:13,5
DA:16,5
DA:19,5
DA:22,5
DA:25,5
LF:9
LH:9
BRF:0
BRH:0
end_of_record
TN:
SF:src\infrastructure\inversify\inversify.config.ts
FNF:0
FNH:0
DA:1,5
DA:2,5
DA:3,5
DA:5,5
DA:6,5
DA:7,5
DA:10,5
DA:12,5
DA:15,5
DA:18,5
DA:20,5
DA:22,5
DA:24,5
DA:26,5
DA:27,5
DA:29,5
DA:31,5
DA:32,5
DA:33,5
DA:35,5
DA:36,5
DA:37,5
DA:39,5
DA:40,5
DA:41,5
DA:43,5
DA:44,5
DA:45,5
DA:46,5
DA:48,5
LF:30
LH:30
BRF:0
BRH:0
end_of_record
TN:
SF:src\infrastructure\utils\movingDirection.ts
FN:4,(anonymous_0)
FNF:1
FNH:1
FNDA:7,(anonymous_0)
DA:4,6
DA:5,7
DA:6,7
DA:8,7
DA:10,2
DA:11,2
DA:13,1
DA:14,1
DA:16,2
DA:17,2
DA:19,2
DA:20,2
DA:22,7
LF:13
LH:13
BRDA:8,0,0,2
BRDA:8,0,1,1
BRDA:8,0,2,2
BRDA:8,0,3,2
BRDA:10,1,0,1
BRDA:10,1,1,1
BRDA:13,2,0,0
BRDA:13,2,1,1
BRDA:16,3,0,1
BRDA:16,3,1,1
BRDA:19,4,0,1
BRDA:19,4,1,1
BRF:12
BRH:11
end_of_record
TN:
SF:src\infrastructure\utils\returnForId.ts
FN:7,returnForId
FNF:1
FNH:1
FNDA:6,returnForId
DA:7,5
DA:8,6
DA:9,6
DA:10,6
LF:4
LH:4
BRF:0
BRH:0
end_of_record
TN:
SF:src\services\board-services.ts
FN:12,(anonymous_12)
FN:16,(anonymous_13)
FN:26,(anonymous_15)
FN:30,(anonymous_17)
FNF:4
FNH:4
FNDA:2,(anonymous_12)
FNDA:2,(anonymous_13)
FNDA:6,(anonymous_15)
FNDA:1,(anonymous_17)
DA:3,6
DA:4,6
DA:5,6
DA:9,6
DA:13,2
DA:17,2
DA:19,2
DA:20,2
DA:21,2
DA:23,2
DA:27,6
DA:31,1
LF:12
LH:12
BRF:0
BRH:0
end_of_record
TN:
SF:src\services\box-service.ts
FN:12,(anonymous_12)
FN:16,(anonymous_13)
FN:30,(anonymous_15)
FN:34,(anonymous_17)
FNF:4
FNH:4
FNDA:4,(anonymous_12)
FNDA:5,(anonymous_13)
FNDA:7,(anonymous_15)
FNDA:4,(anonymous_17)
DA:1,6
DA:2,6
DA:3,6
DA:5,6
DA:10,6
DA:13,4
DA:17,5
DA:18,5
DA:19,5
DA:20,5
DA:22,5
DA:23,5
DA:24,5
DA:25,5
DA:27,5
DA:31,7
DA:35,4
DA:36,4
DA:37,4
DA:38,4
DA:39,4
DA:40,4
LF:22
LH:22
BRF:0
BRH:0
end_of_record
TN:
SF:src\services\game-services.ts
FN:21,(anonymous_12)
FN:33,(anonymous_13)
FN:56,(anonymous_15)
FN:60,(anonymous_17)
FN:89,(anonymous_19)
FN:97,(anonymous_21)
FN:111,(anonymous_23)
FN:123,(anonymous_25)
FN:130,(anonymous_27)
FN:137,(anonymous_29)
FN:142,(anonymous_31)
FN:142,(anonymous_32)
FN:156,(anonymous_33)
FN:161,(anonymous_35)
FN:161,(anonymous_36)
FNF:15
FNH:10
FNDA:1,(anonymous_12)
FNDA:1,(anonymous_13)
FNDA:9,(anonymous_15)
FNDA:2,(anonymous_17)
FNDA:0,(anonymous_19)
FNDA:0,(anonymous_21)
FNDA:3,(anonymous_23)
FNDA:1,(anonymous_25)
FNDA:1,(anonymous_27)
FNDA:0,(anonymous_29)
FNDA:0,(anonymous_31)
FNDA:0,(anonymous_32)
FNDA:1,(anonymous_33)
FNDA:1,(anonymous_35)
FNDA:1,(anonymous_36)
DA:1,5
DA:2,5
DA:4,5
DA:7,5
DA:8,5
DA:14,5
DA:26,1
DA:27,1
DA:28,1
DA:29,1
DA:30,1
DA:34,1
DA:35,1
DA:36,1
DA:37,1
DA:38,1
DA:40,1
DA:41,1
DA:43,1
DA:46,1
DA:47,1
DA:48,1
DA:49,1
DA:50,1
DA:51,1
DA:53,1
DA:57,9
DA:61,2
DA:62,2
DA:63,2
DA:64,2
DA:65,2
DA:67,2
DA:68,2
DA:69,2
DA:70,2
DA:71,2
DA:72,2
DA:74,2
DA:75,2
DA:76,2
DA:78,2
DA:80,2
DA:90,0
DA:92,0
DA:94,0
DA:98,0
DA:100,0
DA:101,0
DA:102,0
DA:103,0
DA:105,0
DA:106,0
DA:108,0
DA:112,3
DA:114,3
DA:115,3
DA:117,3
DA:118,3
DA:120,3
DA:124,1
DA:125,1
DA:127,1
DA:131,1
DA:132,1
DA:134,1
DA:138,0
DA:139,0
DA:140,0
DA:142,0
DA:143,0
DA:144,0
DA:145,0
DA:146,0
DA:147,0
DA:148,0
DA:152,0
DA:153,0
DA:157,1
DA:158,1
DA:159,1
DA:161,1
DA:162,1
DA:164,1
DA:165,1
DA:167,1
LF:86
LH:63
BRDA:43,0,0,1
BRDA:43,0,1,0
BRDA:74,1,0,2
BRDA:78,2,0,0
BRDA:78,3,0,2
BRDA:78,3,1,2
BRDA:147,4,0,0
BRF:7
BRH:4
end_of_record
TN:
SF:src\services\gameDisplay.ts
FN:8,(anonymous_7)
FN:23,(anonymous_9)
FN:33,(anonymous_11)
FN:43,(anonymous_13)
FNF:4
FNH:0
FNDA:0,(anonymous_7)
FNDA:0,(anonymous_9)
FNDA:0,(anonymous_11)
FNDA:0,(anonymous_13)
DA:5,5
DA:7,5
DA:9,0
DA:10,0
DA:12,0
DA:13,0
DA:14,0
DA:15,0
DA:17,0
DA:20,0
DA:24,0
DA:26,0
DA:27,0
DA:28,0
DA:30,0
DA:34,0
DA:35,0
DA:36,0
DA:38,0
DA:40,0
DA:44,0
DA:45,0
DA:47,0
DA:48,0
DA:50,0
DA:51,0
DA:52,0
DA:53,0
DA:55,0
DA:56,0
DA:58,0
DA:62,0
LF:32
LH:2
BRDA:50,0,0,0
BRF:1
BRH:0
end_of_record
TN:
SF:src\services\gameMechanics.ts
FN:12,(anonymous_11)
FN:18,(anonymous_12)
FN:28,(anonymous_14)
FN:31,(anonymous_16)
FN:39,(anonymous_17)
FN:63,(anonymous_19)
FN:64,(anonymous_21)
FN:64,(anonymous_22)
FN:69,(anonymous_23)
FNF:9
FNH:6
FNDA:2,(anonymous_11)
FNDA:3,(anonymous_12)
FNDA:2,(anonymous_14)
FNDA:2,(anonymous_16)
FNDA:3,(anonymous_17)
FNDA:0,(anonymous_19)
FNDA:0,(anonymous_21)
FNDA:0,(anonymous_22)
FNDA:4,(anonymous_23)
DA:5,5
DA:8,5
DA:14,2
DA:15,2
DA:19,3
DA:21,3
DA:22,8
DA:23,8
DA:25,3
DA:29,2
DA:31,2
DA:32,2
DA:33,2
DA:36,2
DA:40,3
DA:42,3
DA:43,3
DA:45,3
DA:46,3
DA:47,3
DA:49,3
DA:50,1
DA:51,1
DA:52,1
DA:55,3
DA:56,3
DA:57,3
DA:60,0
DA:64,0
DA:65,0
DA:70,4
DA:71,5
DA:73,5
DA:74,7
DA:76,7
DA:77,3
DA:78,3
DA:79,3
DA:80,3
DA:82,3
DA:83,3
DA:88,2
DA:89,4
DA:90,2
DA:92,2
DA:93,0
DA:98,1
LF:47
LH:43
BRDA:45,0,0,3
BRDA:45,1,0,3
BRDA:45,1,1,3
BRDA:49,2,0,1
BRDA:76,3,0,3
BRDA:82,4,0,3
BRDA:82,5,0,3
BRDA:82,5,1,3
BRDA:89,6,0,2
BRDA:92,7,0,0
BRDA:92,8,0,2
BRDA:92,8,1,0
BRF:12
BRH:10
end_of_record
TN:
SF:src\services\snake-services.ts
FN:15,(anonymous_12)
FN:19,(anonymous_13)
FN:38,(anonymous_15)
FN:42,(anonymous_17)
FN:55,(anonymous_19)
FN:71,(anonymous_21)
FN:86,(anonymous_23)
FN:100,(anonymous_25)
FN:104,(anonymous_27)
FN:112,(anonymous_28)
FNF:10
FNH:9
FNDA:4,(anonymous_12)
FNDA:2,(anonymous_13)
FNDA:11,(anonymous_15)
FNDA:1,(anonymous_17)
FNDA:0,(anonymous_19)
FNDA:4,(anonymous_21)
FNDA:2,(anonymous_23)
FNDA:1,(anonymous_25)
FNDA:5,(anonymous_27)
FNDA:1,(anonymous_28)
DA:1,5
DA:2,5
DA:4,5
DA:6,5
DA:8,5
DA:9,5
DA:10,5
DA:13,5
DA:16,4
DA:20,2
DA:21,2
DA:22,2
DA:24,2
DA:25,2
DA:27,2
DA:28,2
DA:29,2
DA:30,2
DA:31,2
DA:32,2
DA:33,2
DA:35,2
DA:39,11
DA:43,1
DA:44,1
DA:46,1
DA:47,1
DA:49,1
DA:51,0
DA:56,0
DA:58,0
DA:59,0
DA:60,0
DA:61,0
DA:63,0
DA:65,0
DA:67,0
DA:72,4
DA:73,4
DA:75,4
DA:76,4
DA:78,4
DA:80,4
DA:82,0
DA:87,2
DA:88,2
DA:89,2
DA:91,2
DA:92,2
DA:93,2
DA:94,2
DA:95,2
DA:97,2
DA:101,1
DA:102,1
DA:104,1
DA:105,5
DA:106,5
DA:107,5
DA:109,1
DA:113,1
LF:61
LH:51
BRDA:46,0,0,1
BRDA:46,0,1,0
BRDA:58,1,0,0
BRDA:58,1,1,0
BRDA:58,2,0,0
BRDA:58,2,1,0
BRDA:75,3,0,4
BRDA:75,3,1,0
BRDA:78,4,0,3
BRDA:78,4,1,1
BRF:10
BRH:4
end_of_record
TN:
SF:src\services\tailNodesMovement.ts
FN:4,tailNodesMovement
FNF:1
FNH:0
FNDA:0,tailNodesMovement
DA:2,5
DA:5,0
DA:6,0
DA:8,0
DA:9,0
DA:10,0
DA:12,0
DA:13,0
DA:14,0
DA:17,0
DA:20,5
LF:11
LH:2
BRDA:9,0,0,0
BRF:1
BRH:0
end_of_record
TN:
SF:src\test\services\board-service\_mocks_\database\board-data-accessMock.ts
FN:13,(anonymous_10)
FN:19,(anonymous_11)
FN:24,(anonymous_13)
FN:33,(anonymous_15)
FNF:4
FNH:4
FNDA:1,(anonymous_10)
FNDA:1,(anonymous_11)
FNDA:1,(anonymous_13)
FNDA:1,(anonymous_15)
DA:1,1
DA:2,1
DA:5,1
DA:8,1
DA:14,1
DA:15,1
DA:16,1
DA:20,1
DA:21,1
DA:25,1
DA:26,1
DA:27,1
DA:28,1
DA:29,1
DA:30,1
DA:34,1
DA:35,1
LF:17
LH:17
BRF:0
BRH:0
end_of_record
TN:
SF:src\test\services\box-services\_mocks_\database\box-data-accessMock.ts
FN:14,(anonymous_10)
FN:20,(anonymous_11)
FN:26,(anonymous_13)
FN:31,(anonymous_15)
FNF:4
FNH:4
FNDA:1,(anonymous_10)
FNDA:1,(anonymous_11)
FNDA:2,(anonymous_13)
FNDA:1,(anonymous_15)
DA:1,1
DA:2,1
DA:3,1
DA:9,1
DA:15,1
DA:16,1
DA:17,1
DA:21,1
DA:22,1
DA:23,1
DA:27,2
DA:28,2
DA:32,1
DA:33,1
LF:14
LH:14
BRF:0
BRH:0
end_of_record
TN:
SF:src\test\services\box-services\_mocks_\database\boxMock.ts
FNF:0
FNH:0
DA:1,1
DA:3,1
DA:4,1
DA:5,1
DA:6,1
DA:7,1
DA:9,1
LF:7
LH:7
BRF:0
BRH:0
end_of_record
TN:
SF:src\test\services\game-services\_mocks_\database\board-data-accessMock.ts
FN:13,(anonymous_10)
FN:19,(anonymous_11)
FN:24,(anonymous_13)
FN:33,(anonymous_15)
FNF:4
FNH:3
FNDA:1,(anonymous_10)
FNDA:1,(anonymous_11)
FNDA:5,(anonymous_13)
FNDA:0,(anonymous_15)
DA:1,1
DA:2,1
DA:5,1
DA:8,1
DA:14,1
DA:15,1
DA:16,1
DA:20,1
DA:21,1
DA:25,5
DA:26,5
DA:27,5
DA:28,5
DA:29,5
DA:30,5
DA:34,0
DA:35,0
LF:17
LH:15
BRF:0
BRH:0
end_of_record
TN:
SF:src\test\services\game-services\_mocks_\database\box-data-accessMock.ts
FN:14,(anonymous_10)
FN:20,(anonymous_11)
FN:26,(anonymous_13)
FN:31,(anonymous_15)
FNF:4
FNH:4
FNDA:2,(anonymous_10)
FNDA:4,(anonymous_11)
FNDA:7,(anonymous_13)
FNDA:2,(anonymous_15)
DA:1,1
DA:2,1
DA:3,1
DA:9,1
DA:15,2
DA:16,2
DA:17,2
DA:21,4
DA:22,4
DA:23,4
DA:27,7
DA:28,7
DA:32,2
DA:33,2
LF:14
LH:14
BRF:0
BRH:0
end_of_record
TN:
SF:src\test\services\game-services\_mocks_\database\boxMock.ts
FNF:0
FNH:0
DA:1,1
DA:3,1
DA:4,1
DA:5,1
DA:6,1
DA:7,1
DA:9,1
LF:7
LH:7
BRF:0
BRH:0
end_of_record
TN:
SF:src\test\services\game-services\_mocks_\database\game-data-accessMock.ts
FN:14,(anonymous_10)
FN:20,(anonymous_11)
FN:25,(anonymous_13)
FN:31,(anonymous_15)
FNF:4
FNH:4
FNDA:1,(anonymous_10)
FNDA:1,(anonymous_11)
FNDA:9,(anonymous_13)
FNDA:6,(anonymous_15)
DA:1,1
DA:2,1
DA:3,1
DA:9,1
DA:15,1
DA:16,1
DA:17,1
DA:21,1
DA:22,1
DA:26,9
DA:27,9
DA:28,9
DA:32,6
DA:33,6
LF:14
LH:14
BRF:0
BRH:0
end_of_record
TN:
SF:src\test\services\game-services\_mocks_\database\gameMock.ts
FNF:0
FNH:0
DA:1,1
DA:3,1
DA:4,1
DA:5,1
DA:6,1
DA:7,1
DA:8,1
DA:9,1
DA:11,1
LF:9
LH:9
BRF:0
BRH:0
end_of_record
TN:
SF:src\test\services\game-services\_mocks_\database\snake-data-accessMock.ts
FN:16,(anonymous_9)
FN:24,(anonymous_10)
FN:29,(anonymous_12)
FN:35,(anonymous_14)
FN:40,(anonymous_16)
FN:45,(anonymous_18)
FNF:6
FNH:4
FNDA:2,(anonymous_9)
FNDA:1,(anonymous_10)
FNDA:5,(anonymous_12)
FNDA:0,(anonymous_14)
FNDA:3,(anonymous_16)
FNDA:0,(anonymous_18)
DA:1,1
DA:2,1
DA:3,1
DA:9,1
DA:17,2
DA:18,2
DA:19,2
DA:20,2
DA:21,2
DA:25,1
DA:26,1
DA:30,5
DA:31,5
DA:32,5
DA:36,0
DA:37,0
DA:41,3
DA:42,3
DA:46,0
DA:47,0
LF:20
LH:16
BRF:0
BRH:0
end_of_record
TN:
SF:src\test\services\game-services\_mocks_\database\snakeMock.ts
FNF:0
FNH:0
DA:1,1
DA:3,1
DA:4,1
DA:5,1
DA:6,1
DA:7,1
DA:8,1
DA:9,1
DA:10,1
DA:12,1
LF:10
LH:10
BRF:0
BRH:0
end_of_record
TN:
SF:src\test\services\gameMechanics\database\box-data-accessMock.ts
FN:14,(anonymous_10)
FN:20,(anonymous_11)
FN:26,(anonymous_13)
FN:31,(anonymous_15)
FNF:4
FNH:3
FNDA:1,(anonymous_10)
FNDA:0,(anonymous_11)
FNDA:2,(anonymous_13)
FNDA:1,(anonymous_15)
DA:1,1
DA:2,1
DA:5,1
DA:9,1
DA:15,1
DA:16,1
DA:17,1
DA:21,0
DA:22,0
DA:23,0
DA:27,2
DA:28,2
DA:32,1
DA:33,1
LF:14
LH:11
BRF:0
BRH:0
end_of_record
TN:
SF:src\test\services\gameMechanics\database\boxMock.ts
FNF:0
FNH:0
DA:1,1
DA:3,1
DA:4,1
DA:5,1
DA:6,1
DA:7,1
DA:9,1
LF:7
LH:7
BRF:0
BRH:0
end_of_record
TN:
SF:src\test\services\gameMechanics\database\snake-data-accessMock.ts
FN:17,(anonymous_9)
FN:25,(anonymous_10)
FN:30,(anonymous_12)
FN:36,(anonymous_14)
FN:41,(anonymous_16)
FN:46,(anonymous_18)
FNF:6
FNH:3
FNDA:1,(anonymous_9)
FNDA:0,(anonymous_10)
FNDA:7,(anonymous_12)
FNDA:0,(anonymous_14)
FNDA:1,(anonymous_16)
FNDA:0,(anonymous_18)
DA:1,1
DA:2,1
DA:4,1
DA:10,1
DA:18,1
DA:19,1
DA:20,1
DA:21,1
DA:22,1
DA:26,0
DA:27,0
DA:31,7
DA:32,7
DA:33,7
DA:37,0
DA:38,0
DA:42,1
DA:43,1
DA:47,0
DA:48,0
LF:20
LH:14
BRF:0
BRH:0
end_of_record
TN:
SF:src\test\services\gameMechanics\database\snakeMock.ts
FNF:0
FNH:0
DA:1,1
DA:3,1
DA:4,1
DA:5,1
DA:6,1
DA:7,1
DA:8,1
DA:9,1
DA:10,1
DA:12,1
LF:10
LH:10
BRF:0
BRH:0
end_of_record
TN:
SF:src\test\services\snake-services\_mocks_\database\snake-data-accessMock.ts
FN:17,(anonymous_9)
FN:25,(anonymous_10)
FN:30,(anonymous_12)
FN:36,(anonymous_14)
FN:41,(anonymous_16)
FN:46,(anonymous_18)
FNF:6
FNH:6
FNDA:1,(anonymous_9)
FNDA:1,(anonymous_10)
FNDA:4,(anonymous_12)
FNDA:1,(anonymous_14)
FNDA:3,(anonymous_16)
FNDA:1,(anonymous_18)
DA:1,1
DA:2,1
DA:4,1
DA:10,1
DA:18,1
DA:19,1
DA:20,1
DA:21,1
DA:22,1
DA:26,1
DA:27,1
DA:31,4
DA:32,4
DA:33,4
DA:37,1
DA:38,1
DA:42,3
DA:43,3
DA:47,1
DA:48,1
LF:20
LH:20
BRF:0
BRH:0
end_of_record
TN:
SF:src\test\services\snake-services\_mocks_\database\snakeMock.ts
FNF:0
FNH:0
DA:1,1
DA:3,1
DA:4,1
DA:5,1
DA:6,1
DA:7,1
DA:8,1
DA:9,1
DA:10,1
DA:12,1
LF:10
LH:10
BRF:0
BRH:0
end_of_record
