TN:
SF:src\domain\entities\box.ts
FNF:0
FNH:0
DA:2,1
DA:4,1
LF:2
LH:2
BRF:0
BRH:0
end_of_record
TN:
SF:src\domain\entities\position.ts
FNF:0
FNH:0
DA:1,1
LF:1
LH:1
BRF:0
BRH:0
end_of_record
TN:
SF:src\infrastructure\database\box-data-access.ts
FN:13,(anonymous_9)
FN:22,(anonymous_11)
FN:45,(anonymous_13)
FNF:3
FNH:3
FNDA:1,(anonymous_9)
FNDA:2,(anonymous_11)
FNDA:3,(anonymous_13)
DA:1,1
DA:2,1
DA:3,1
DA:8,1
DA:9,1
DA:12,1
DA:14,1
DA:15,1
DA:17,1
DA:19,1
DA:23,2
DA:24,2
DA:25,2
DA:26,1
DA:28,1
DA:46,3
DA:47,3
DA:48,3
DA:49,2
DA:50,2
DA:52,2
DA:53,2
DA:55,1
LF:23
LH:23
BRDA:25,0,0,1
BRDA:25,0,1,1
BRDA:48,1,0,2
BRDA:48,1,1,1
BRF:4
BRH:4
end_of_record
TN:
SF:src\infrastructure\database\db-source.ts
FNF:0
FNH:0
DA:1,1
DA:2,1
DA:3,1
DA:4,1
DA:5,1
DA:7,1
LF:6
LH:6
BRF:0
BRH:0
end_of_record
TN:
SF:src\infrastructure\database\entities\dbBoard.ts
FNF:0
FNH:0
DA:1,1
DA:5,1
DA:6,1
DA:9,1
DA:12,1
LF:5
LH:5
BRF:0
BRH:0
end_of_record
TN:
SF:src\infrastructure\database\entities\dbBox.ts
FNF:0
FNH:0
DA:1,1
DA:6,1
DA:7,1
DA:10,1
DA:13,1
DA:16,1
DA:19,1
LF:7
LH:7
BRF:0
BRH:0
end_of_record
TN:
SF:src\infrastructure\database\entities\dbPosition.ts
FNF:0
FNH:0
DA:2,1
DA:5,1
DA:6,1
DA:9,1
DA:12,1
LF:5
LH:5
BRF:0
BRH:0
end_of_record
TN:
SF:src\infrastructure\database\entities\dbSnake.ts
FNF:0
FNH:0
DA:1,1
DA:6,1
DA:7,1
DA:10,1
DA:13,1
DA:16,1
DA:19,1
DA:22,1
LF:8
LH:8
BRF:0
BRH:0
end_of_record
TN:
SF:src\infrastructure\utils\returnForId.ts
FN:6,returnForId
FNF:1
FNH:1
FNDA:1,returnForId
DA:6,1
DA:7,1
DA:8,1
DA:9,1
LF:4
LH:4
BRF:0
BRH:0
end_of_record
